<?xml version="1.0" encoding="UTF-8"?>
<!-- Generated by org.testng.reporters.JUnitXMLReporter -->
<testsuite ignored="0" hostname="Pixel" failures="3" tests="4" name="Gear" time="75.792" errors="0" timestamp="2025-02-21T19:47:55 CET">
  <testcase classname="com.runnerclass.GearRunnerClass" name="loginPage" time="3.792"/>
  <testcase classname="com.runnerclass.GearRunnerClass" name="searchProductPage" time="24.112">
    <failure type="java.lang.AssertionError" message="ERROR OCCURED WHILE CLICKING ELEMENT">
      <![CDATA[java.lang.AssertionError: ERROR OCCURED WHILE CLICKING ELEMENT
at org.junit.Assert.fail(Assert.java:89)
at com.reusablemethods.BaseClass_TestNG.clickOnElement(BaseClass_TestNG.java:154)
at com.pageobjectmodel.GearSearchPageObjectModel.getvalidgearsearch(GearSearchPageObjectModel.java:53)
at com.runnerclass.GearRunnerClass.searchProductPage(GearRunnerClass.java:44)
at java.base/java.util.ArrayList.forEach(ArrayList.java:1596)
... Removed 25 stack frames]]>
    </failure>
  </testcase> <!-- searchProductPage -->
  <testcase classname="com.runnerclass.GearRunnerClass" name="shippinPage" time="20.041">
    <failure type="java.lang.AssertionError" message="ERROR WHILE CLICKING ELEMENT">
      <![CDATA[java.lang.AssertionError: ERROR WHILE CLICKING ELEMENT
at org.junit.Assert.fail(Assert.java:89)
at com.reusablemethods.BaseClass_TestNG.javaScriptClick(BaseClass_TestNG.java:667)
at com.pageobjectmodel.ShippingPageObjectModel.getvalidshippingdetails(ShippingPageObjectModel.java:75)
at com.runnerclass.GearRunnerClass.shippinPage(GearRunnerClass.java:49)
at java.base/java.util.ArrayList.forEach(ArrayList.java:1596)
... Removed 25 stack frames]]>
    </failure>
  </testcase> <!-- shippinPage -->
  <testcase classname="com.runnerclass.GearRunnerClass" name="checkoutPage" time="20.053">
    <failure type="java.lang.AssertionError" message="ERROR WHILE CLICKING ELEMENT">
      <![CDATA[java.lang.AssertionError: ERROR WHILE CLICKING ELEMENT
at org.junit.Assert.fail(Assert.java:89)
at com.reusablemethods.BaseClass_TestNG.javaScriptClick(BaseClass_TestNG.java:667)
at com.pageobjectmodel.OrderCheckoutPageObjectModel.getValidCheckOutOrderPage(OrderCheckoutPageObjectModel.java:35)
at com.runnerclass.GearRunnerClass.checkoutPage(GearRunnerClass.java:55)
at java.base/java.util.ArrayList.forEach(ArrayList.java:1596)
... Removed 25 stack frames]]>
    </failure>
  </testcase> <!-- checkoutPage -->
</testsuite> <!-- Gear -->
