<html>
<head>
<title>TestNG:  MenJacket</title>
<link href="../testng.css" rel="stylesheet" type="text/css" />
<link href="../my-testng.css" rel="stylesheet" type="text/css" />

<style type="text/css">
.log { display: none;} 
.stack-trace { display: none;} 
</style>
<script type="text/javascript">
<!--
function flip(e) {
  current = e.style.display;
  if (current == 'block') {
    e.style.display = 'none';
    return 0;
  }
  else {
    e.style.display = 'block';
    return 1;
  }
}

function toggleBox(szDivId, elem, msg1, msg2)
{
  var res = -1;  if (document.getElementById) {
    res = flip(document.getElementById(szDivId));
  }
  else if (document.all) {
    // this is the way old msie versions work
    res = flip(document.all[szDivId]);
  }
  if(elem) {
    if(res == 0) elem.innerHTML = msg1; else elem.innerHTML = msg2;
  }

}

function toggleAllBoxes() {
  if (document.getElementsByTagName) {
    d = document.getElementsByTagName('div');
    for (i = 0; i < d.length; i++) {
      if (d[i].className == 'log') {
        flip(d[i]);
      }
    }
  }
}

// -->
</script>

</head>
<body>
<h2 align='center'>MenJacket</h2><table border='1' align="center">
<tr>
<td>Tests passed/Failed/Skipped:</td><td>1/3/0</td>
</tr><tr>
<td>Started on:</td><td>Fri Feb 21 19:48:17 CET 2025</td>
</tr>
<tr><td>Total time:</td><td>41 seconds (41187 ms)</td>
</tr><tr>
<td>Included groups:</td><td></td>
</tr><tr>
<td>Excluded groups:</td><td></td>
</tr>
</table><p/>
<small><i>(Hover the method name to see the test class name)</i></small><p/>
<table width='100%' border='1' class='invocation-failed'>
<tr><td colspan='4' align='center'><b>FAILED CONFIGURATIONS</b></td></tr>
<tr><td><b>Test method</b></td>
<td width="30%"><b>Exception</b></td>
<td width="10%"><b>Time (seconds)</b></td>
<td><b>Instance</b></td>
</tr>
<tr>
<td title='com.runnerclass.MenJacketRunnerClass.terminateBrowser()'><b>terminateBrowser</b><br>Test class: com.runnerclass.MenJacketRunnerClass</td>
<td><div><pre>java.lang.AssertionError: ERROR OCCURED DURING IMPLICITE WAIT
	at org.junit.Assert.fail(Assert.java:89)
	at com.reusablemethods.BaseClass_TestNG.impliciteWait(BaseClass_TestNG.java:589)
	at com.pageobjectmodel.LogOutPageObjectModel.getValidLogoutPage(LogOutPageObjectModel.java:25)
	at com.runnerclass.MenJacketRunnerClass.terminateBrowser(MenJacketRunnerClass.java:30)
... Removed 22 stack frames</pre></div><a href='#' onClick='toggleBox("stack-trace1797648156", this, "Click to show all stack frames", "Click to hide stack frames")'>Click to show all stack frames</a>
<div class='stack-trace' id='stack-trace1797648156'><pre>java.lang.AssertionError: ERROR OCCURED DURING IMPLICITE WAIT
	at org.junit.Assert.fail(Assert.java:89)
	at com.reusablemethods.BaseClass_TestNG.impliciteWait(BaseClass_TestNG.java:589)
	at com.pageobjectmodel.LogOutPageObjectModel.getValidLogoutPage(LogOutPageObjectModel.java:25)
	at com.runnerclass.MenJacketRunnerClass.terminateBrowser(MenJacketRunnerClass.java:30)
	at java.base/jdk.internal.reflect.DirectMethodHandleAccessor.invoke(DirectMethodHandleAccessor.java:103)
	at java.base/java.lang.reflect.Method.invoke(Method.java:580)
	at org.testng.internal.MethodInvocationHelper.invokeMethod(MethodInvocationHelper.java:133)
	at org.testng.internal.MethodInvocationHelper.invokeMethodConsideringTimeout(MethodInvocationHelper.java:62)
	at org.testng.internal.ConfigInvoker.invokeConfigurationMethod(ConfigInvoker.java:385)
	at org.testng.internal.ConfigInvoker.invokeConfigurations(ConfigInvoker.java:321)
	at org.testng.TestRunner.invokeTestConfigurations(TestRunner.java:637)
	at org.testng.TestRunner.afterRun(TestRunner.java:877)
	at org.testng.TestRunner.run(TestRunner.java:599)
	at org.testng.SuiteRunner.runTest(SuiteRunner.java:377)
	at org.testng.SuiteRunner.runSequentially(SuiteRunner.java:371)
	at org.testng.SuiteRunner.privateRun(SuiteRunner.java:332)
	at org.testng.SuiteRunner.run(SuiteRunner.java:276)
	at org.testng.SuiteRunnerWorker.runSuite(SuiteRunnerWorker.java:53)
	at org.testng.SuiteRunnerWorker.run(SuiteRunnerWorker.java:96)
	at org.testng.TestNG.runSuitesSequentially(TestNG.java:1212)
	at org.testng.TestNG.runSuitesLocally(TestNG.java:1134)
	at org.testng.TestNG.runSuites(TestNG.java:1063)
	at org.testng.TestNG.run(TestNG.java:1031)
	at org.testng.remote.AbstractRemoteTestNG.run(AbstractRemoteTestNG.java:115)
	at org.testng.remote.RemoteTestNG.initAndRun(RemoteTestNG.java:293)
	at org.testng.remote.RemoteTestNG.main(RemoteTestNG.java:91)
</pre></div></td>
<td>0</td>
<td>com.runnerclass.MenJacketRunnerClass@28261e8e</td></tr>
</table><p>
<table width='100%' border='1' class='invocation-failed'>
<tr><td colspan='4' align='center'><b>FAILED TESTS</b></td></tr>
<tr><td><b>Test method</b></td>
<td width="30%"><b>Exception</b></td>
<td width="10%"><b>Time (seconds)</b></td>
<td><b>Instance</b></td>
</tr>
<tr>
<td title='com.runnerclass.MenJacketRunnerClass.searchProductPage()'><b>searchProductPage</b><br>Test class: com.runnerclass.MenJacketRunnerClass</td>
<td><div><pre>java.lang.AssertionError: ERROR OCCURED WHILE CLICKING ELEMENT
	at org.junit.Assert.fail(Assert.java:89)
	at com.reusablemethods.BaseClass_TestNG.clickOnElement(BaseClass_TestNG.java:154)
	at com.pageobjectmodel.MenSearchProductPageObjectModel.getValidMenSearchPage(MenSearchProductPageObjectModel.java:61)
	at com.runnerclass.MenJacketRunnerClass.searchProductPage(MenJacketRunnerClass.java:45)
	at java.base/java.util.ArrayList.forEach(ArrayList.java:1596)
... Removed 25 stack frames</pre></div><a href='#' onClick='toggleBox("stack-trace395752148", this, "Click to show all stack frames", "Click to hide stack frames")'>Click to show all stack frames</a>
<div class='stack-trace' id='stack-trace395752148'><pre>java.lang.AssertionError: ERROR OCCURED WHILE CLICKING ELEMENT
	at org.junit.Assert.fail(Assert.java:89)
	at com.reusablemethods.BaseClass_TestNG.clickOnElement(BaseClass_TestNG.java:154)
	at com.pageobjectmodel.MenSearchProductPageObjectModel.getValidMenSearchPage(MenSearchProductPageObjectModel.java:61)
	at com.runnerclass.MenJacketRunnerClass.searchProductPage(MenJacketRunnerClass.java:45)
	at java.base/jdk.internal.reflect.DirectMethodHandleAccessor.invoke(DirectMethodHandleAccessor.java:103)
	at java.base/java.lang.reflect.Method.invoke(Method.java:580)
	at org.testng.internal.MethodInvocationHelper.invokeMethod(MethodInvocationHelper.java:133)
	at org.testng.internal.TestInvoker.invokeMethod(TestInvoker.java:598)
	at org.testng.internal.TestInvoker.invokeTestMethod(TestInvoker.java:173)
	at org.testng.internal.MethodRunner.runInSequence(MethodRunner.java:46)
	at org.testng.internal.TestInvoker$MethodInvocationAgent.invoke(TestInvoker.java:824)
	at org.testng.internal.TestInvoker.invokeTestMethods(TestInvoker.java:146)
	at org.testng.internal.TestMethodWorker.invokeTestMethods(TestMethodWorker.java:146)
	at org.testng.internal.TestMethodWorker.run(TestMethodWorker.java:128)
	at java.base/java.util.ArrayList.forEach(ArrayList.java:1596)
	at org.testng.TestRunner.privateRun(TestRunner.java:794)
	at org.testng.TestRunner.run(TestRunner.java:596)
	at org.testng.SuiteRunner.runTest(SuiteRunner.java:377)
	at org.testng.SuiteRunner.runSequentially(SuiteRunner.java:371)
	at org.testng.SuiteRunner.privateRun(SuiteRunner.java:332)
	at org.testng.SuiteRunner.run(SuiteRunner.java:276)
	at org.testng.SuiteRunnerWorker.runSuite(SuiteRunnerWorker.java:53)
	at org.testng.SuiteRunnerWorker.run(SuiteRunnerWorker.java:96)
	at org.testng.TestNG.runSuitesSequentially(TestNG.java:1212)
	at org.testng.TestNG.runSuitesLocally(TestNG.java:1134)
	at org.testng.TestNG.runSuites(TestNG.java:1063)
	at org.testng.TestNG.run(TestNG.java:1031)
	at org.testng.remote.AbstractRemoteTestNG.run(AbstractRemoteTestNG.java:115)
	at org.testng.remote.RemoteTestNG.initAndRun(RemoteTestNG.java:293)
	at org.testng.remote.RemoteTestNG.main(RemoteTestNG.java:91)
</pre></div></td>
<td>22</td>
<td>com.runnerclass.MenJacketRunnerClass@28261e8e</td></tr>
<tr>
<td title='com.runnerclass.MenJacketRunnerClass.checkoutPage()'><b>checkoutPage</b><br>Test class: com.runnerclass.MenJacketRunnerClass</td>
<td><div><pre>java.lang.AssertionError: ERROR OCCURED DURING IMPLICITE WAIT
	at org.junit.Assert.fail(Assert.java:89)
	at com.reusablemethods.BaseClass_TestNG.impliciteWait(BaseClass_TestNG.java:589)
	at com.pageobjectmodel.OrderCheckoutPageObjectModel.getValidCheckOutOrderPage(OrderCheckoutPageObjectModel.java:33)
	at com.runnerclass.MenJacketRunnerClass.checkoutPage(MenJacketRunnerClass.java:58)
	at java.base/java.util.ArrayList.forEach(ArrayList.java:1596)
... Removed 25 stack frames</pre></div><a href='#' onClick='toggleBox("stack-trace369141922", this, "Click to show all stack frames", "Click to hide stack frames")'>Click to show all stack frames</a>
<div class='stack-trace' id='stack-trace369141922'><pre>java.lang.AssertionError: ERROR OCCURED DURING IMPLICITE WAIT
	at org.junit.Assert.fail(Assert.java:89)
	at com.reusablemethods.BaseClass_TestNG.impliciteWait(BaseClass_TestNG.java:589)
	at com.pageobjectmodel.OrderCheckoutPageObjectModel.getValidCheckOutOrderPage(OrderCheckoutPageObjectModel.java:33)
	at com.runnerclass.MenJacketRunnerClass.checkoutPage(MenJacketRunnerClass.java:58)
	at java.base/jdk.internal.reflect.DirectMethodHandleAccessor.invoke(DirectMethodHandleAccessor.java:103)
	at java.base/java.lang.reflect.Method.invoke(Method.java:580)
	at org.testng.internal.MethodInvocationHelper.invokeMethod(MethodInvocationHelper.java:133)
	at org.testng.internal.TestInvoker.invokeMethod(TestInvoker.java:598)
	at org.testng.internal.TestInvoker.invokeTestMethod(TestInvoker.java:173)
	at org.testng.internal.MethodRunner.runInSequence(MethodRunner.java:46)
	at org.testng.internal.TestInvoker$MethodInvocationAgent.invoke(TestInvoker.java:824)
	at org.testng.internal.TestInvoker.invokeTestMethods(TestInvoker.java:146)
	at org.testng.internal.TestMethodWorker.invokeTestMethods(TestMethodWorker.java:146)
	at org.testng.internal.TestMethodWorker.run(TestMethodWorker.java:128)
	at java.base/java.util.ArrayList.forEach(ArrayList.java:1596)
	at org.testng.TestRunner.privateRun(TestRunner.java:794)
	at org.testng.TestRunner.run(TestRunner.java:596)
	at org.testng.SuiteRunner.runTest(SuiteRunner.java:377)
	at org.testng.SuiteRunner.runSequentially(SuiteRunner.java:371)
	at org.testng.SuiteRunner.privateRun(SuiteRunner.java:332)
	at org.testng.SuiteRunner.run(SuiteRunner.java:276)
	at org.testng.SuiteRunnerWorker.runSuite(SuiteRunnerWorker.java:53)
	at org.testng.SuiteRunnerWorker.run(SuiteRunnerWorker.java:96)
	at org.testng.TestNG.runSuitesSequentially(TestNG.java:1212)
	at org.testng.TestNG.runSuitesLocally(TestNG.java:1134)
	at org.testng.TestNG.runSuites(TestNG.java:1063)
	at org.testng.TestNG.run(TestNG.java:1031)
	at org.testng.remote.AbstractRemoteTestNG.run(AbstractRemoteTestNG.java:115)
	at org.testng.remote.RemoteTestNG.initAndRun(RemoteTestNG.java:293)
	at org.testng.remote.RemoteTestNG.main(RemoteTestNG.java:91)
</pre></div></td>
<td>0</td>
<td>com.runnerclass.MenJacketRunnerClass@28261e8e</td></tr>
<tr>
<td title='com.runnerclass.MenJacketRunnerClass.shippingPage()'><b>shippingPage</b><br>Test class: com.runnerclass.MenJacketRunnerClass</td>
<td><div><pre>java.lang.AssertionError: ERROR WHILE CLICKING ELEMENT
	at org.junit.Assert.fail(Assert.java:89)
	at com.reusablemethods.BaseClass_TestNG.javaScriptClick(BaseClass_TestNG.java:667)
	at com.pageobjectmodel.ShippingPageObjectModel.getvalidshippingdetails(ShippingPageObjectModel.java:75)
	at com.runnerclass.MenJacketRunnerClass.shippingPage(MenJacketRunnerClass.java:51)
	at java.base/java.util.ArrayList.forEach(ArrayList.java:1596)
... Removed 25 stack frames</pre></div><a href='#' onClick='toggleBox("stack-trace1933965693", this, "Click to show all stack frames", "Click to hide stack frames")'>Click to show all stack frames</a>
<div class='stack-trace' id='stack-trace1933965693'><pre>java.lang.AssertionError: ERROR WHILE CLICKING ELEMENT
	at org.junit.Assert.fail(Assert.java:89)
	at com.reusablemethods.BaseClass_TestNG.javaScriptClick(BaseClass_TestNG.java:667)
	at com.pageobjectmodel.ShippingPageObjectModel.getvalidshippingdetails(ShippingPageObjectModel.java:75)
	at com.runnerclass.MenJacketRunnerClass.shippingPage(MenJacketRunnerClass.java:51)
	at java.base/jdk.internal.reflect.DirectMethodHandleAccessor.invoke(DirectMethodHandleAccessor.java:103)
	at java.base/java.lang.reflect.Method.invoke(Method.java:580)
	at org.testng.internal.MethodInvocationHelper.invokeMethod(MethodInvocationHelper.java:133)
	at org.testng.internal.TestInvoker.invokeMethod(TestInvoker.java:598)
	at org.testng.internal.TestInvoker.invokeTestMethod(TestInvoker.java:173)
	at org.testng.internal.MethodRunner.runInSequence(MethodRunner.java:46)
	at org.testng.internal.TestInvoker$MethodInvocationAgent.invoke(TestInvoker.java:824)
	at org.testng.internal.TestInvoker.invokeTestMethods(TestInvoker.java:146)
	at org.testng.internal.TestMethodWorker.invokeTestMethods(TestMethodWorker.java:146)
	at org.testng.internal.TestMethodWorker.run(TestMethodWorker.java:128)
	at java.base/java.util.ArrayList.forEach(ArrayList.java:1596)
	at org.testng.TestRunner.privateRun(TestRunner.java:794)
	at org.testng.TestRunner.run(TestRunner.java:596)
	at org.testng.SuiteRunner.runTest(SuiteRunner.java:377)
	at org.testng.SuiteRunner.runSequentially(SuiteRunner.java:371)
	at org.testng.SuiteRunner.privateRun(SuiteRunner.java:332)
	at org.testng.SuiteRunner.run(SuiteRunner.java:276)
	at org.testng.SuiteRunnerWorker.runSuite(SuiteRunnerWorker.java:53)
	at org.testng.SuiteRunnerWorker.run(SuiteRunnerWorker.java:96)
	at org.testng.TestNG.runSuitesSequentially(TestNG.java:1212)
	at org.testng.TestNG.runSuitesLocally(TestNG.java:1134)
	at org.testng.TestNG.runSuites(TestNG.java:1063)
	at org.testng.TestNG.run(TestNG.java:1031)
	at org.testng.remote.AbstractRemoteTestNG.run(AbstractRemoteTestNG.java:115)
	at org.testng.remote.RemoteTestNG.initAndRun(RemoteTestNG.java:293)
	at org.testng.remote.RemoteTestNG.main(RemoteTestNG.java:91)
</pre></div></td>
<td>10</td>
<td>com.runnerclass.MenJacketRunnerClass@28261e8e</td></tr>
</table><p>
<table width='100%' border='1' class='invocation-passed'>
<tr><td colspan='4' align='center'><b>PASSED TESTS</b></td></tr>
<tr><td><b>Test method</b></td>
<td width="30%"><b>Exception</b></td>
<td width="10%"><b>Time (seconds)</b></td>
<td><b>Instance</b></td>
</tr>
<tr>
<td title='com.runnerclass.MenJacketRunnerClass.loginPage()'><b>loginPage</b><br>Test class: com.runnerclass.MenJacketRunnerClass</td>
<td></td>
<td>4</td>
<td>com.runnerclass.MenJacketRunnerClass@28261e8e</td></tr>
</table><p>
</body>
</html>