<?xml version="1.0" encoding="UTF-8"?>
<!-- Generated by org.testng.reporters.JUnitXMLReporter -->
<testsuite ignored="0" hostname="Pixel" failures="3" tests="4" name="MenJacket" time="41.187" errors="0" timestamp="2025-02-21T19:48:59 CET">
  <testcase classname="com.runnerclass.MenJacketRunnerClass" name="@AfterTest terminateBrowser" time="0.004">
    <failure type="java.lang.AssertionError" message="ERROR OCCURED DURING IMPLICITE WAIT">
      <![CDATA[java.lang.AssertionError: ERROR OCCURED DURING IMPLICITE WAIT
at org.junit.Assert.fail(Assert.java:89)
at com.reusablemethods.BaseClass_TestNG.impliciteWait(BaseClass_TestNG.java:589)
at com.pageobjectmodel.LogOutPageObjectModel.getValidLogoutPage(LogOutPageObjectModel.java:25)
at com.runnerclass.MenJacketRunnerClass.terminateBrowser(MenJacketRunnerClass.java:30)
... Removed 22 stack frames]]>
    </failure>
  </testcase> <!-- @AfterTest terminateBrowser -->
  <testcase classname="com.runnerclass.MenJacketRunnerClass" name="loginPage" time="4.142"/>
  <testcase classname="com.runnerclass.MenJacketRunnerClass" name="searchProductPage" time="22.557">
    <failure type="java.lang.AssertionError" message="ERROR OCCURED WHILE CLICKING ELEMENT">
      <![CDATA[java.lang.AssertionError: ERROR OCCURED WHILE CLICKING ELEMENT
at org.junit.Assert.fail(Assert.java:89)
at com.reusablemethods.BaseClass_TestNG.clickOnElement(BaseClass_TestNG.java:154)
at com.pageobjectmodel.MenSearchProductPageObjectModel.getValidMenSearchPage(MenSearchProductPageObjectModel.java:61)
at com.runnerclass.MenJacketRunnerClass.searchProductPage(MenJacketRunnerClass.java:45)
at java.base/java.util.ArrayList.forEach(ArrayList.java:1596)
... Removed 25 stack frames]]>
    </failure>
  </testcase> <!-- searchProductPage -->
  <testcase classname="com.runnerclass.MenJacketRunnerClass" name="shippingPage" time="10.916">
    <failure type="java.lang.AssertionError" message="ERROR WHILE CLICKING ELEMENT">
      <![CDATA[java.lang.AssertionError: ERROR WHILE CLICKING ELEMENT
at org.junit.Assert.fail(Assert.java:89)
at com.reusablemethods.BaseClass_TestNG.javaScriptClick(BaseClass_TestNG.java:667)
at com.pageobjectmodel.ShippingPageObjectModel.getvalidshippingdetails(ShippingPageObjectModel.java:75)
at com.runnerclass.MenJacketRunnerClass.shippingPage(MenJacketRunnerClass.java:51)
at java.base/java.util.ArrayList.forEach(ArrayList.java:1596)
... Removed 25 stack frames]]>
    </failure>
  </testcase> <!-- shippingPage -->
  <testcase classname="com.runnerclass.MenJacketRunnerClass" name="checkoutPage" time="0.007">
    <failure type="java.lang.AssertionError" message="ERROR OCCURED DURING IMPLICITE WAIT">
      <![CDATA[java.lang.AssertionError: ERROR OCCURED DURING IMPLICITE WAIT
at org.junit.Assert.fail(Assert.java:89)
at com.reusablemethods.BaseClass_TestNG.impliciteWait(BaseClass_TestNG.java:589)
at com.pageobjectmodel.OrderCheckoutPageObjectModel.getValidCheckOutOrderPage(OrderCheckoutPageObjectModel.java:33)
at com.runnerclass.MenJacketRunnerClass.checkoutPage(MenJacketRunnerClass.java:58)
at java.base/java.util.ArrayList.forEach(ArrayList.java:1596)
... Removed 25 stack frames]]>
    </failure>
  </testcase> <!-- checkoutPage -->
</testsuite> <!-- MenJacket -->
