<?xml version="1.0" encoding="UTF-8"?>
<!-- Generated by org.testng.reporters.JUnitXMLReporter -->
<testsuite ignored="0" hostname="Pixel" failures="16" tests="16" name="Test" time="28.462" errors="0" timestamp="2025-02-21T10:25:50 CET">
  <testcase classname="com.runnerclass.GearRunnerClass" name="@AfterTest terminateBrowser" time="0.006">
    <failure type="java.lang.AssertionError" message="ERROR OCCURED DURING IMPLICITE WAIT">
      <![CDATA[java.lang.AssertionError: ERROR OCCURED DURING IMPLICITE WAIT
at org.junit.Assert.fail(Assert.java:89)
at com.reusablemethods.BaseClass_TestNG.impliciteWait(BaseClass_TestNG.java:589)
at com.pageobjectmodel.LogOutPageObjectModel.getValidLogoutPage(LogOutPageObjectModel.java:25)
at com.runnerclass.GearRunnerClass.terminateBrowser(GearRunnerClass.java:29)
... Removed 22 stack frames]]>
    </failure>
  </testcase> <!-- @AfterTest terminateBrowser -->
  <testcase classname="com.runnerclass.MenHoodiesRunnerClass" name="@AfterTest logoutPage" time="-1.740129950516E9">
    <skipped/>
  </testcase> <!-- @AfterTest logoutPage -->
  <testcase classname="com.runnerclass.MenJacketRunnerClass" name="@AfterTest terminateBrowser" time="-1.740129950518E9">
    <skipped/>
  </testcase> <!-- @AfterTest terminateBrowser -->
  <testcase classname="com.runnerclass.WomenJacketRunnerClass" name="@AfterTest terminateBrowser" time="-1.740129950518E9">
    <skipped/>
  </testcase> <!-- @AfterTest terminateBrowser -->
  <testcase classname="com.runnerclass.MenHoodiesRunnerClass" name="loginPage" time="0.828">
    <failure type="java.lang.AssertionError" message="expected [true] but found [false]">
      <![CDATA[java.lang.AssertionError: expected [true] but found [false]
at com.runnerclass.MenHoodiesRunnerClass.loginPage(MenHoodiesRunnerClass.java:31)
at java.base/java.util.concurrent.ThreadPoolExecutor.runWorker(ThreadPoolExecutor.java:1144)
at java.base/java.util.concurrent.ThreadPoolExecutor$Worker.run(ThreadPoolExecutor.java:642)
at java.base/java.lang.Thread.run(Thread.java:1583)
... Removed 14 stack frames]]>
    </failure>
  </testcase> <!-- loginPage -->
  <testcase classname="com.runnerclass.MenJacketRunnerClass" name="loginPage" time="0.829">
    <failure type="java.lang.AssertionError" message="expected [true] but found [false]">
      <![CDATA[java.lang.AssertionError: expected [true] but found [false]
at com.runnerclass.MenJacketRunnerClass.loginPage(MenJacketRunnerClass.java:39)
at java.base/java.util.concurrent.ThreadPoolExecutor.runWorker(ThreadPoolExecutor.java:1144)
at java.base/java.util.concurrent.ThreadPoolExecutor$Worker.run(ThreadPoolExecutor.java:642)
at java.base/java.lang.Thread.run(Thread.java:1583)
... Removed 14 stack frames]]>
    </failure>
  </testcase> <!-- loginPage -->
  <testcase classname="com.runnerclass.GearRunnerClass" name="loginPage" time="0.83">
    <failure type="java.lang.AssertionError" message="expected [true] but found [false]">
      <![CDATA[java.lang.AssertionError: expected [true] but found [false]
at com.runnerclass.GearRunnerClass.loginPage(GearRunnerClass.java:38)
at java.base/java.util.concurrent.ThreadPoolExecutor.runWorker(ThreadPoolExecutor.java:1144)
at java.base/java.util.concurrent.ThreadPoolExecutor$Worker.run(ThreadPoolExecutor.java:642)
at java.base/java.lang.Thread.run(Thread.java:1583)
... Removed 14 stack frames]]>
    </failure>
  </testcase> <!-- loginPage -->
  <testcase classname="com.runnerclass.MenHoodiesRunnerClass" name="searchProductPage" time="1.004">
    <failure type="java.lang.AssertionError" message="ERROR OCCURED WHILE PERFORMING ACTIONS ON ELEMENT">
      <![CDATA[java.lang.AssertionError: ERROR OCCURED WHILE PERFORMING ACTIONS ON ELEMENT
at org.junit.Assert.fail(Assert.java:89)
at com.reusablemethods.BaseClass_TestNG.actionMethods(BaseClass_TestNG.java:304)
at com.pageobjectmodel.MenHoodiesSearchPageObjectModel.getValidMenHoodiePage(MenHoodiesSearchPageObjectModel.java:49)
at com.runnerclass.MenHoodiesRunnerClass.searchProductPage(MenHoodiesRunnerClass.java:37)
at java.base/java.util.concurrent.ThreadPoolExecutor.runWorker(ThreadPoolExecutor.java:1144)
at java.base/java.util.concurrent.ThreadPoolExecutor$Worker.run(ThreadPoolExecutor.java:642)
at java.base/java.lang.Thread.run(Thread.java:1583)
... Removed 10 stack frames]]>
    </failure>
  </testcase> <!-- searchProductPage -->
  <testcase classname="com.runnerclass.MenJacketRunnerClass" name="searchProductPage" time="0.791">
    <failure type="java.lang.AssertionError" message="ERROR OCCURED WHILE PERFORMING ACTIONS ON ELEMENT">
      <![CDATA[java.lang.AssertionError: ERROR OCCURED WHILE PERFORMING ACTIONS ON ELEMENT
at org.junit.Assert.fail(Assert.java:89)
at com.reusablemethods.BaseClass_TestNG.actionMethods(BaseClass_TestNG.java:304)
at com.pageobjectmodel.MenSearchProductPageObjectModel.getValidMenSearchPage(MenSearchProductPageObjectModel.java:48)
at com.runnerclass.MenJacketRunnerClass.searchProductPage(MenJacketRunnerClass.java:45)
at java.base/java.util.concurrent.ThreadPoolExecutor.runWorker(ThreadPoolExecutor.java:1144)
at java.base/java.util.concurrent.ThreadPoolExecutor$Worker.run(ThreadPoolExecutor.java:642)
at java.base/java.lang.Thread.run(Thread.java:1583)
... Removed 10 stack frames]]>
    </failure>
  </testcase> <!-- searchProductPage -->
  <testcase classname="com.runnerclass.GearRunnerClass" name="searchProductPage" time="11.264">
    <failure type="java.lang.AssertionError" message="ERROR OCCURED WHILE CLICKING ELEMENT">
      <![CDATA[java.lang.AssertionError: ERROR OCCURED WHILE CLICKING ELEMENT
at org.junit.Assert.fail(Assert.java:89)
at com.reusablemethods.BaseClass_TestNG.clickOnElement(BaseClass_TestNG.java:154)
at com.pageobjectmodel.GearSearchPageObjectModel.getvalidgearsearch(GearSearchPageObjectModel.java:41)
at com.runnerclass.GearRunnerClass.searchProductPage(GearRunnerClass.java:44)
at java.base/java.util.concurrent.ThreadPoolExecutor.runWorker(ThreadPoolExecutor.java:1144)
at java.base/java.util.concurrent.ThreadPoolExecutor$Worker.run(ThreadPoolExecutor.java:642)
at java.base/java.lang.Thread.run(Thread.java:1583)
... Removed 10 stack frames]]>
    </failure>
  </testcase> <!-- searchProductPage -->
  <testcase classname="com.runnerclass.MenJacketRunnerClass" name="shippingPage" time="10.115">
    <failure type="java.lang.AssertionError" message="ERROR WHILE CLICKING ELEMENT">
      <![CDATA[java.lang.AssertionError: ERROR WHILE CLICKING ELEMENT
at org.junit.Assert.fail(Assert.java:89)
at com.reusablemethods.BaseClass_TestNG.javaScriptClick(BaseClass_TestNG.java:667)
at com.pageobjectmodel.ShippingPageObjectModel.getvalidshippingdetails(ShippingPageObjectModel.java:75)
at com.runnerclass.MenJacketRunnerClass.shippingPage(MenJacketRunnerClass.java:51)
at java.base/java.util.concurrent.ThreadPoolExecutor.runWorker(ThreadPoolExecutor.java:1144)
at java.base/java.util.concurrent.ThreadPoolExecutor$Worker.run(ThreadPoolExecutor.java:642)
at java.base/java.lang.Thread.run(Thread.java:1583)
... Removed 10 stack frames]]>
    </failure>
  </testcase> <!-- shippingPage -->
  <testcase classname="com.runnerclass.WomenJacketRunnerClass" name="loginPage" time="13.701">
    <failure type="java.lang.AssertionError" message="expected [true] but found [false]">
      <![CDATA[java.lang.AssertionError: expected [true] but found [false]
at com.runnerclass.WomenJacketRunnerClass.loginPage(WomenJacketRunnerClass.java:32)
at java.base/java.util.concurrent.ThreadPoolExecutor.runWorker(ThreadPoolExecutor.java:1144)
at java.base/java.util.concurrent.ThreadPoolExecutor$Worker.run(ThreadPoolExecutor.java:642)
at java.base/java.lang.Thread.run(Thread.java:1583)
... Removed 14 stack frames]]>
    </failure>
  </testcase> <!-- loginPage -->
  <testcase classname="com.runnerclass.MenHoodiesRunnerClass" name="shippingPage" time="10.326">
    <failure type="java.lang.AssertionError" message="ERROR WHILE CLICKING ELEMENT">
      <![CDATA[java.lang.AssertionError: ERROR WHILE CLICKING ELEMENT
at org.junit.Assert.fail(Assert.java:89)
at com.reusablemethods.BaseClass_TestNG.javaScriptClick(BaseClass_TestNG.java:667)
at com.pageobjectmodel.ShippingPageObjectModel.getvalidshippingdetails(ShippingPageObjectModel.java:75)
at com.runnerclass.MenHoodiesRunnerClass.shippingPage(MenHoodiesRunnerClass.java:43)
at java.base/java.util.concurrent.ThreadPoolExecutor.runWorker(ThreadPoolExecutor.java:1144)
at java.base/java.util.concurrent.ThreadPoolExecutor$Worker.run(ThreadPoolExecutor.java:642)
at java.base/java.lang.Thread.run(Thread.java:1583)
... Removed 10 stack frames]]>
    </failure>
  </testcase> <!-- shippingPage -->
  <testcase classname="com.runnerclass.GearRunnerClass" name="shippinPage" time="0.004">
    <failure type="java.lang.AssertionError" message="ERROR WHILE SCROLLING DOWN">
      <![CDATA[java.lang.AssertionError: ERROR WHILE SCROLLING DOWN
at org.junit.Assert.fail(Assert.java:89)
at com.reusablemethods.BaseClass_TestNG.scrollDown_new(BaseClass_TestNG.java:656)
at com.pageobjectmodel.ShippingPageObjectModel.getvalidshippingdetails(ShippingPageObjectModel.java:74)
at com.runnerclass.GearRunnerClass.shippinPage(GearRunnerClass.java:49)
at java.base/java.util.concurrent.ThreadPoolExecutor.runWorker(ThreadPoolExecutor.java:1144)
at java.base/java.util.concurrent.ThreadPoolExecutor$Worker.run(ThreadPoolExecutor.java:642)
at java.base/java.lang.Thread.run(Thread.java:1583)
... Removed 10 stack frames]]>
    </failure>
  </testcase> <!-- shippinPage -->
  <testcase classname="com.runnerclass.MenJacketRunnerClass" name="checkoutPage" time="0.005">
    <failure type="java.lang.AssertionError" message="ERROR OCCURED DURING IMPLICITE WAIT">
      <![CDATA[java.lang.AssertionError: ERROR OCCURED DURING IMPLICITE WAIT
at org.junit.Assert.fail(Assert.java:89)
at com.reusablemethods.BaseClass_TestNG.impliciteWait(BaseClass_TestNG.java:589)
at com.pageobjectmodel.OrderCheckoutPageObjectModel.getValidCheckOutOrderPage(OrderCheckoutPageObjectModel.java:26)
at com.runnerclass.MenJacketRunnerClass.checkoutPage(MenJacketRunnerClass.java:57)
at java.base/java.util.concurrent.ThreadPoolExecutor.runWorker(ThreadPoolExecutor.java:1144)
at java.base/java.util.concurrent.ThreadPoolExecutor$Worker.run(ThreadPoolExecutor.java:642)
at java.base/java.lang.Thread.run(Thread.java:1583)
... Removed 10 stack frames]]>
    </failure>
  </testcase> <!-- checkoutPage -->
  <testcase classname="com.runnerclass.MenHoodiesRunnerClass" name="checkoutPage" time="0.004">
    <failure type="java.lang.AssertionError" message="ERROR WHILE SCROLLING DOWN">
      <![CDATA[java.lang.AssertionError: ERROR WHILE SCROLLING DOWN
at org.junit.Assert.fail(Assert.java:89)
at com.reusablemethods.BaseClass_TestNG.scrollDown_new(BaseClass_TestNG.java:656)
at com.pageobjectmodel.MenHoodiesCheckoutPageObjectModel.getValidMenHoodiesCheckoutPage(MenHoodiesCheckoutPageObjectModel.java:26)
at com.runnerclass.MenHoodiesRunnerClass.checkoutPage(MenHoodiesRunnerClass.java:49)
at java.base/java.util.concurrent.ThreadPoolExecutor.runWorker(ThreadPoolExecutor.java:1144)
at java.base/java.util.concurrent.ThreadPoolExecutor$Worker.run(ThreadPoolExecutor.java:642)
at java.base/java.lang.Thread.run(Thread.java:1583)
... Removed 10 stack frames]]>
    </failure>
  </testcase> <!-- checkoutPage -->
  <testcase classname="com.runnerclass.WomenJacketRunnerClass" name="searchProductPage" time="0.007">
    <failure type="java.lang.AssertionError" message="ERROR OCCURED WHILE PERFORMING ACTIONS ON ELEMENT">
      <![CDATA[java.lang.AssertionError: ERROR OCCURED WHILE PERFORMING ACTIONS ON ELEMENT
at org.junit.Assert.fail(Assert.java:89)
at com.reusablemethods.BaseClass_TestNG.actionMethods(BaseClass_TestNG.java:304)
at com.pageobjectmodel.WomenSearchPageObjectModel.getValidWomenSearchPage(WomenSearchPageObjectModel.java:49)
at com.runnerclass.WomenJacketRunnerClass.searchProductPage(WomenJacketRunnerClass.java:38)
at java.base/java.util.concurrent.ThreadPoolExecutor.runWorker(ThreadPoolExecutor.java:1144)
at java.base/java.util.concurrent.ThreadPoolExecutor$Worker.run(ThreadPoolExecutor.java:642)
at java.base/java.lang.Thread.run(Thread.java:1583)
... Removed 10 stack frames]]>
    </failure>
  </testcase> <!-- searchProductPage -->
  <testcase classname="com.runnerclass.GearRunnerClass" name="checkoutPage" time="0.004">
    <failure type="java.lang.AssertionError" message="ERROR OCCURED DURING IMPLICITE WAIT">
      <![CDATA[java.lang.AssertionError: ERROR OCCURED DURING IMPLICITE WAIT
at org.junit.Assert.fail(Assert.java:89)
at com.reusablemethods.BaseClass_TestNG.impliciteWait(BaseClass_TestNG.java:589)
at com.pageobjectmodel.OrderCheckoutPageObjectModel.getValidCheckOutOrderPage(OrderCheckoutPageObjectModel.java:26)
at com.runnerclass.GearRunnerClass.checkoutPage(GearRunnerClass.java:54)
at java.base/java.util.concurrent.ThreadPoolExecutor.runWorker(ThreadPoolExecutor.java:1144)
at java.base/java.util.concurrent.ThreadPoolExecutor$Worker.run(ThreadPoolExecutor.java:642)
at java.base/java.lang.Thread.run(Thread.java:1583)
... Removed 10 stack frames]]>
    </failure>
  </testcase> <!-- checkoutPage -->
  <testcase classname="com.runnerclass.WomenJacketRunnerClass" name="shippingPage" time="0.003">
    <failure type="java.lang.AssertionError" message="ERROR WHILE SCROLLING DOWN">
      <![CDATA[java.lang.AssertionError: ERROR WHILE SCROLLING DOWN
at org.junit.Assert.fail(Assert.java:89)
at com.reusablemethods.BaseClass_TestNG.scrollDown_new(BaseClass_TestNG.java:656)
at com.pageobjectmodel.ShippingPageObjectModel.getvalidshippingdetails(ShippingPageObjectModel.java:74)
at com.runnerclass.WomenJacketRunnerClass.shippingPage(WomenJacketRunnerClass.java:44)
at java.base/java.util.concurrent.ThreadPoolExecutor.runWorker(ThreadPoolExecutor.java:1144)
at java.base/java.util.concurrent.ThreadPoolExecutor$Worker.run(ThreadPoolExecutor.java:642)
at java.base/java.lang.Thread.run(Thread.java:1583)
... Removed 10 stack frames]]>
    </failure>
  </testcase> <!-- shippingPage -->
  <testcase classname="com.runnerclass.WomenJacketRunnerClass" name="checkoutPage" time="0.003">
    <failure type="java.lang.AssertionError" message="ERROR OCCURED DURING IMPLICITE WAIT">
      <![CDATA[java.lang.AssertionError: ERROR OCCURED DURING IMPLICITE WAIT
at org.junit.Assert.fail(Assert.java:89)
at com.reusablemethods.BaseClass_TestNG.impliciteWait(BaseClass_TestNG.java:589)
at com.pageobjectmodel.OrderCheckoutPageObjectModel.getValidCheckOutOrderPage(OrderCheckoutPageObjectModel.java:26)
at com.runnerclass.WomenJacketRunnerClass.checkoutPage(WomenJacketRunnerClass.java:50)
at java.base/java.util.concurrent.ThreadPoolExecutor.runWorker(ThreadPoolExecutor.java:1144)
at java.base/java.util.concurrent.ThreadPoolExecutor$Worker.run(ThreadPoolExecutor.java:642)
at java.base/java.lang.Thread.run(Thread.java:1583)
... Removed 10 stack frames]]>
    </failure>
  </testcase> <!-- checkoutPage -->
</testsuite> <!-- Test -->
