<html>
<head>
<title>TestNG:  Test</title>
<link href="../testng.css" rel="stylesheet" type="text/css" />
<link href="../my-testng.css" rel="stylesheet" type="text/css" />

<style type="text/css">
.log { display: none;} 
.stack-trace { display: none;} 
</style>
<script type="text/javascript">
<!--
function flip(e) {
  current = e.style.display;
  if (current == 'block') {
    e.style.display = 'none';
    return 0;
  }
  else {
    e.style.display = 'block';
    return 1;
  }
}

function toggleBox(szDivId, elem, msg1, msg2)
{
  var res = -1;  if (document.getElementById) {
    res = flip(document.getElementById(szDivId));
  }
  else if (document.all) {
    // this is the way old msie versions work
    res = flip(document.all[szDivId]);
  }
  if(elem) {
    if(res == 0) elem.innerHTML = msg1; else elem.innerHTML = msg2;
  }

}

function toggleAllBoxes() {
  if (document.getElementsByTagName) {
    d = document.getElementsByTagName('div');
    for (i = 0; i < d.length; i++) {
      if (d[i].className == 'log') {
        flip(d[i]);
      }
    }
  }
}

// -->
</script>

</head>
<body>
<h2 align='center'>Test</h2><table border='1' align="center">
<tr>
<td>Tests passed/Failed/Skipped:</td><td>0/16/0</td>
</tr><tr>
<td>Started on:</td><td>Fri Feb 21 10:25:22 CET 2025</td>
</tr>
<tr><td>Total time:</td><td>28 seconds (28462 ms)</td>
</tr><tr>
<td>Included groups:</td><td></td>
</tr><tr>
<td>Excluded groups:</td><td></td>
</tr>
</table><p/>
<small><i>(Hover the method name to see the test class name)</i></small><p/>
<table width='100%' border='1' class='invocation-failed'>
<tr><td colspan='4' align='center'><b>FAILED CONFIGURATIONS</b></td></tr>
<tr><td><b>Test method</b></td>
<td width="30%"><b>Exception</b></td>
<td width="10%"><b>Time (seconds)</b></td>
<td><b>Instance</b></td>
</tr>
<tr>
<td title='com.runnerclass.GearRunnerClass.terminateBrowser()'><b>terminateBrowser</b><br>Test class: com.runnerclass.GearRunnerClass</td>
<td><div><pre>java.lang.AssertionError: ERROR OCCURED DURING IMPLICITE WAIT
	at org.junit.Assert.fail(Assert.java:89)
	at com.reusablemethods.BaseClass_TestNG.impliciteWait(BaseClass_TestNG.java:589)
	at com.pageobjectmodel.LogOutPageObjectModel.getValidLogoutPage(LogOutPageObjectModel.java:25)
	at com.runnerclass.GearRunnerClass.terminateBrowser(GearRunnerClass.java:29)
... Removed 22 stack frames</pre></div><a href='#' onClick='toggleBox("stack-trace1535454025", this, "Click to show all stack frames", "Click to hide stack frames")'>Click to show all stack frames</a>
<div class='stack-trace' id='stack-trace1535454025'><pre>java.lang.AssertionError: ERROR OCCURED DURING IMPLICITE WAIT
	at org.junit.Assert.fail(Assert.java:89)
	at com.reusablemethods.BaseClass_TestNG.impliciteWait(BaseClass_TestNG.java:589)
	at com.pageobjectmodel.LogOutPageObjectModel.getValidLogoutPage(LogOutPageObjectModel.java:25)
	at com.runnerclass.GearRunnerClass.terminateBrowser(GearRunnerClass.java:29)
	at java.base/jdk.internal.reflect.DirectMethodHandleAccessor.invoke(DirectMethodHandleAccessor.java:103)
	at java.base/java.lang.reflect.Method.invoke(Method.java:580)
	at org.testng.internal.MethodInvocationHelper.invokeMethod(MethodInvocationHelper.java:133)
	at org.testng.internal.MethodInvocationHelper.invokeMethodConsideringTimeout(MethodInvocationHelper.java:62)
	at org.testng.internal.ConfigInvoker.invokeConfigurationMethod(ConfigInvoker.java:385)
	at org.testng.internal.ConfigInvoker.invokeConfigurations(ConfigInvoker.java:321)
	at org.testng.TestRunner.invokeTestConfigurations(TestRunner.java:637)
	at org.testng.TestRunner.afterRun(TestRunner.java:877)
	at org.testng.TestRunner.run(TestRunner.java:599)
	at org.testng.SuiteRunner.runTest(SuiteRunner.java:377)
	at org.testng.SuiteRunner.runSequentially(SuiteRunner.java:371)
	at org.testng.SuiteRunner.privateRun(SuiteRunner.java:332)
	at org.testng.SuiteRunner.run(SuiteRunner.java:276)
	at org.testng.SuiteRunnerWorker.runSuite(SuiteRunnerWorker.java:53)
	at org.testng.SuiteRunnerWorker.run(SuiteRunnerWorker.java:96)
	at org.testng.TestNG.runSuitesSequentially(TestNG.java:1212)
	at org.testng.TestNG.runSuitesLocally(TestNG.java:1134)
	at org.testng.TestNG.runSuites(TestNG.java:1063)
	at org.testng.TestNG.run(TestNG.java:1031)
	at org.testng.remote.AbstractRemoteTestNG.run(AbstractRemoteTestNG.java:115)
	at org.testng.remote.RemoteTestNG.initAndRun(RemoteTestNG.java:293)
	at org.testng.remote.RemoteTestNG.main(RemoteTestNG.java:91)
</pre></div></td>
<td>0</td>
<td>com.runnerclass.GearRunnerClass@2a265ea9</td></tr>
</table><p>
<table width='100%' border='1' class='invocation-skipped'>
<tr><td colspan='4' align='center'><b>SKIPPED CONFIGURATIONS</b></td></tr>
<tr><td><b>Test method</b></td>
<td width="30%"><b>Exception</b></td>
<td width="10%"><b>Time (seconds)</b></td>
<td><b>Instance</b></td>
</tr>
<tr>
<td title='com.runnerclass.WomenJacketRunnerClass.terminateBrowser()'><b>terminateBrowser</b><br>Test class: com.runnerclass.WomenJacketRunnerClass</td>
<td></td>
<td>-1740129950</td>
<td>com.runnerclass.WomenJacketRunnerClass@f0c8a99</td></tr>
<tr>
<td title='com.runnerclass.MenJacketRunnerClass.terminateBrowser()'><b>terminateBrowser</b><br>Test class: com.runnerclass.MenJacketRunnerClass</td>
<td></td>
<td>-1740129950</td>
<td>com.runnerclass.MenJacketRunnerClass@11392934</td></tr>
<tr>
<td title='com.runnerclass.MenHoodiesRunnerClass.logoutPage()'><b>logoutPage</b><br>Test class: com.runnerclass.MenHoodiesRunnerClass</td>
<td></td>
<td>-1740129950</td>
<td>com.runnerclass.MenHoodiesRunnerClass@6892b3b6</td></tr>
</table><p>
<table width='100%' border='1' class='invocation-failed'>
<tr><td colspan='4' align='center'><b>FAILED TESTS</b></td></tr>
<tr><td><b>Test method</b></td>
<td width="30%"><b>Exception</b></td>
<td width="10%"><b>Time (seconds)</b></td>
<td><b>Instance</b></td>
</tr>
<tr>
<td title='com.runnerclass.GearRunnerClass.searchProductPage()'><b>searchProductPage</b><br>Test class: com.runnerclass.GearRunnerClass</td>
<td><div><pre>java.lang.AssertionError: ERROR OCCURED WHILE CLICKING ELEMENT
	at org.junit.Assert.fail(Assert.java:89)
	at com.reusablemethods.BaseClass_TestNG.clickOnElement(BaseClass_TestNG.java:154)
	at com.pageobjectmodel.GearSearchPageObjectModel.getvalidgearsearch(GearSearchPageObjectModel.java:41)
	at com.runnerclass.GearRunnerClass.searchProductPage(GearRunnerClass.java:44)
	at java.base/java.util.concurrent.ThreadPoolExecutor.runWorker(ThreadPoolExecutor.java:1144)
	at java.base/java.util.concurrent.ThreadPoolExecutor$Worker.run(ThreadPoolExecutor.java:642)
	at java.base/java.lang.Thread.run(Thread.java:1583)
... Removed 10 stack frames</pre></div><a href='#' onClick='toggleBox("stack-trace153914988", this, "Click to show all stack frames", "Click to hide stack frames")'>Click to show all stack frames</a>
<div class='stack-trace' id='stack-trace153914988'><pre>java.lang.AssertionError: ERROR OCCURED WHILE CLICKING ELEMENT
	at org.junit.Assert.fail(Assert.java:89)
	at com.reusablemethods.BaseClass_TestNG.clickOnElement(BaseClass_TestNG.java:154)
	at com.pageobjectmodel.GearSearchPageObjectModel.getvalidgearsearch(GearSearchPageObjectModel.java:41)
	at com.runnerclass.GearRunnerClass.searchProductPage(GearRunnerClass.java:44)
	at java.base/jdk.internal.reflect.DirectMethodHandleAccessor.invoke(DirectMethodHandleAccessor.java:103)
	at java.base/java.lang.reflect.Method.invoke(Method.java:580)
	at org.testng.internal.MethodInvocationHelper.invokeMethod(MethodInvocationHelper.java:133)
	at org.testng.internal.TestInvoker.invokeMethod(TestInvoker.java:598)
	at org.testng.internal.TestInvoker.invokeTestMethod(TestInvoker.java:173)
	at org.testng.internal.MethodRunner.runInSequence(MethodRunner.java:46)
	at org.testng.internal.TestInvoker$MethodInvocationAgent.invoke(TestInvoker.java:824)
	at org.testng.internal.TestInvoker.invokeTestMethods(TestInvoker.java:146)
	at org.testng.internal.TestMethodWorker.invokeTestMethods(TestMethodWorker.java:146)
	at org.testng.internal.TestMethodWorker.run(TestMethodWorker.java:128)
	at java.base/java.util.concurrent.ThreadPoolExecutor.runWorker(ThreadPoolExecutor.java:1144)
	at java.base/java.util.concurrent.ThreadPoolExecutor$Worker.run(ThreadPoolExecutor.java:642)
	at java.base/java.lang.Thread.run(Thread.java:1583)
</pre></div></td>
<td>11</td>
<td>com.runnerclass.GearRunnerClass@2a265ea9</td></tr>
<tr>
<td title='com.runnerclass.WomenJacketRunnerClass.searchProductPage()'><b>searchProductPage</b><br>Test class: com.runnerclass.WomenJacketRunnerClass</td>
<td><div><pre>java.lang.AssertionError: ERROR OCCURED WHILE PERFORMING ACTIONS ON ELEMENT
	at org.junit.Assert.fail(Assert.java:89)
	at com.reusablemethods.BaseClass_TestNG.actionMethods(BaseClass_TestNG.java:304)
	at com.pageobjectmodel.WomenSearchPageObjectModel.getValidWomenSearchPage(WomenSearchPageObjectModel.java:49)
	at com.runnerclass.WomenJacketRunnerClass.searchProductPage(WomenJacketRunnerClass.java:38)
	at java.base/java.util.concurrent.ThreadPoolExecutor.runWorker(ThreadPoolExecutor.java:1144)
	at java.base/java.util.concurrent.ThreadPoolExecutor$Worker.run(ThreadPoolExecutor.java:642)
	at java.base/java.lang.Thread.run(Thread.java:1583)
... Removed 10 stack frames</pre></div><a href='#' onClick='toggleBox("stack-trace21446438", this, "Click to show all stack frames", "Click to hide stack frames")'>Click to show all stack frames</a>
<div class='stack-trace' id='stack-trace21446438'><pre>java.lang.AssertionError: ERROR OCCURED WHILE PERFORMING ACTIONS ON ELEMENT
	at org.junit.Assert.fail(Assert.java:89)
	at com.reusablemethods.BaseClass_TestNG.actionMethods(BaseClass_TestNG.java:304)
	at com.pageobjectmodel.WomenSearchPageObjectModel.getValidWomenSearchPage(WomenSearchPageObjectModel.java:49)
	at com.runnerclass.WomenJacketRunnerClass.searchProductPage(WomenJacketRunnerClass.java:38)
	at java.base/jdk.internal.reflect.DirectMethodHandleAccessor.invoke(DirectMethodHandleAccessor.java:103)
	at java.base/java.lang.reflect.Method.invoke(Method.java:580)
	at org.testng.internal.MethodInvocationHelper.invokeMethod(MethodInvocationHelper.java:133)
	at org.testng.internal.TestInvoker.invokeMethod(TestInvoker.java:598)
	at org.testng.internal.TestInvoker.invokeTestMethod(TestInvoker.java:173)
	at org.testng.internal.MethodRunner.runInSequence(MethodRunner.java:46)
	at org.testng.internal.TestInvoker$MethodInvocationAgent.invoke(TestInvoker.java:824)
	at org.testng.internal.TestInvoker.invokeTestMethods(TestInvoker.java:146)
	at org.testng.internal.TestMethodWorker.invokeTestMethods(TestMethodWorker.java:146)
	at org.testng.internal.TestMethodWorker.run(TestMethodWorker.java:128)
	at java.base/java.util.concurrent.ThreadPoolExecutor.runWorker(ThreadPoolExecutor.java:1144)
	at java.base/java.util.concurrent.ThreadPoolExecutor$Worker.run(ThreadPoolExecutor.java:642)
	at java.base/java.lang.Thread.run(Thread.java:1583)
</pre></div></td>
<td>0</td>
<td>com.runnerclass.WomenJacketRunnerClass@f0c8a99</td></tr>
<tr>
<td title='com.runnerclass.MenJacketRunnerClass.loginPage()'><b>loginPage</b><br>Test class: com.runnerclass.MenJacketRunnerClass</td>
<td><div><pre>java.lang.AssertionError: expected [true] but found [false]
	at com.runnerclass.MenJacketRunnerClass.loginPage(MenJacketRunnerClass.java:39)
	at java.base/java.util.concurrent.ThreadPoolExecutor.runWorker(ThreadPoolExecutor.java:1144)
	at java.base/java.util.concurrent.ThreadPoolExecutor$Worker.run(ThreadPoolExecutor.java:642)
	at java.base/java.lang.Thread.run(Thread.java:1583)
... Removed 14 stack frames</pre></div><a href='#' onClick='toggleBox("stack-trace1418672231", this, "Click to show all stack frames", "Click to hide stack frames")'>Click to show all stack frames</a>
<div class='stack-trace' id='stack-trace1418672231'><pre>java.lang.AssertionError: expected [true] but found [false]
	at org.testng.Assert.fail(Assert.java:99)
	at org.testng.Assert.failNotEquals(Assert.java:1037)
	at org.testng.Assert.assertTrue(Assert.java:45)
	at org.testng.Assert.assertTrue(Assert.java:55)
	at com.runnerclass.MenJacketRunnerClass.loginPage(MenJacketRunnerClass.java:39)
	at java.base/jdk.internal.reflect.DirectMethodHandleAccessor.invoke(DirectMethodHandleAccessor.java:103)
	at java.base/java.lang.reflect.Method.invoke(Method.java:580)
	at org.testng.internal.MethodInvocationHelper.invokeMethod(MethodInvocationHelper.java:133)
	at org.testng.internal.TestInvoker.invokeMethod(TestInvoker.java:598)
	at org.testng.internal.TestInvoker.invokeTestMethod(TestInvoker.java:173)
	at org.testng.internal.MethodRunner.runInSequence(MethodRunner.java:46)
	at org.testng.internal.TestInvoker$MethodInvocationAgent.invoke(TestInvoker.java:824)
	at org.testng.internal.TestInvoker.invokeTestMethods(TestInvoker.java:146)
	at org.testng.internal.TestMethodWorker.invokeTestMethods(TestMethodWorker.java:146)
	at org.testng.internal.TestMethodWorker.run(TestMethodWorker.java:128)
	at java.base/java.util.concurrent.ThreadPoolExecutor.runWorker(ThreadPoolExecutor.java:1144)
	at java.base/java.util.concurrent.ThreadPoolExecutor$Worker.run(ThreadPoolExecutor.java:642)
	at java.base/java.lang.Thread.run(Thread.java:1583)
</pre></div></td>
<td>0</td>
<td>com.runnerclass.MenJacketRunnerClass@11392934</td></tr>
<tr>
<td title='com.runnerclass.MenHoodiesRunnerClass.searchProductPage()'><b>searchProductPage</b><br>Test class: com.runnerclass.MenHoodiesRunnerClass</td>
<td><div><pre>java.lang.AssertionError: ERROR OCCURED WHILE PERFORMING ACTIONS ON ELEMENT
	at org.junit.Assert.fail(Assert.java:89)
	at com.reusablemethods.BaseClass_TestNG.actionMethods(BaseClass_TestNG.java:304)
	at com.pageobjectmodel.MenHoodiesSearchPageObjectModel.getValidMenHoodiePage(MenHoodiesSearchPageObjectModel.java:49)
	at com.runnerclass.MenHoodiesRunnerClass.searchProductPage(MenHoodiesRunnerClass.java:37)
	at java.base/java.util.concurrent.ThreadPoolExecutor.runWorker(ThreadPoolExecutor.java:1144)
	at java.base/java.util.concurrent.ThreadPoolExecutor$Worker.run(ThreadPoolExecutor.java:642)
	at java.base/java.lang.Thread.run(Thread.java:1583)
... Removed 10 stack frames</pre></div><a href='#' onClick='toggleBox("stack-trace266394984", this, "Click to show all stack frames", "Click to hide stack frames")'>Click to show all stack frames</a>
<div class='stack-trace' id='stack-trace266394984'><pre>java.lang.AssertionError: ERROR OCCURED WHILE PERFORMING ACTIONS ON ELEMENT
	at org.junit.Assert.fail(Assert.java:89)
	at com.reusablemethods.BaseClass_TestNG.actionMethods(BaseClass_TestNG.java:304)
	at com.pageobjectmodel.MenHoodiesSearchPageObjectModel.getValidMenHoodiePage(MenHoodiesSearchPageObjectModel.java:49)
	at com.runnerclass.MenHoodiesRunnerClass.searchProductPage(MenHoodiesRunnerClass.java:37)
	at java.base/jdk.internal.reflect.DirectMethodHandleAccessor.invoke(DirectMethodHandleAccessor.java:103)
	at java.base/java.lang.reflect.Method.invoke(Method.java:580)
	at org.testng.internal.MethodInvocationHelper.invokeMethod(MethodInvocationHelper.java:133)
	at org.testng.internal.TestInvoker.invokeMethod(TestInvoker.java:598)
	at org.testng.internal.TestInvoker.invokeTestMethod(TestInvoker.java:173)
	at org.testng.internal.MethodRunner.runInSequence(MethodRunner.java:46)
	at org.testng.internal.TestInvoker$MethodInvocationAgent.invoke(TestInvoker.java:824)
	at org.testng.internal.TestInvoker.invokeTestMethods(TestInvoker.java:146)
	at org.testng.internal.TestMethodWorker.invokeTestMethods(TestMethodWorker.java:146)
	at org.testng.internal.TestMethodWorker.run(TestMethodWorker.java:128)
	at java.base/java.util.concurrent.ThreadPoolExecutor.runWorker(ThreadPoolExecutor.java:1144)
	at java.base/java.util.concurrent.ThreadPoolExecutor$Worker.run(ThreadPoolExecutor.java:642)
	at java.base/java.lang.Thread.run(Thread.java:1583)
</pre></div></td>
<td>1</td>
<td>com.runnerclass.MenHoodiesRunnerClass@6892b3b6</td></tr>
<tr>
<td title='com.runnerclass.WomenJacketRunnerClass.checkoutPage()'><b>checkoutPage</b><br>Test class: com.runnerclass.WomenJacketRunnerClass</td>
<td><div><pre>java.lang.AssertionError: ERROR OCCURED DURING IMPLICITE WAIT
	at org.junit.Assert.fail(Assert.java:89)
	at com.reusablemethods.BaseClass_TestNG.impliciteWait(BaseClass_TestNG.java:589)
	at com.pageobjectmodel.OrderCheckoutPageObjectModel.getValidCheckOutOrderPage(OrderCheckoutPageObjectModel.java:26)
	at com.runnerclass.WomenJacketRunnerClass.checkoutPage(WomenJacketRunnerClass.java:50)
	at java.base/java.util.concurrent.ThreadPoolExecutor.runWorker(ThreadPoolExecutor.java:1144)
	at java.base/java.util.concurrent.ThreadPoolExecutor$Worker.run(ThreadPoolExecutor.java:642)
	at java.base/java.lang.Thread.run(Thread.java:1583)
... Removed 10 stack frames</pre></div><a href='#' onClick='toggleBox("stack-trace806536059", this, "Click to show all stack frames", "Click to hide stack frames")'>Click to show all stack frames</a>
<div class='stack-trace' id='stack-trace806536059'><pre>java.lang.AssertionError: ERROR OCCURED DURING IMPLICITE WAIT
	at org.junit.Assert.fail(Assert.java:89)
	at com.reusablemethods.BaseClass_TestNG.impliciteWait(BaseClass_TestNG.java:589)
	at com.pageobjectmodel.OrderCheckoutPageObjectModel.getValidCheckOutOrderPage(OrderCheckoutPageObjectModel.java:26)
	at com.runnerclass.WomenJacketRunnerClass.checkoutPage(WomenJacketRunnerClass.java:50)
	at java.base/jdk.internal.reflect.DirectMethodHandleAccessor.invoke(DirectMethodHandleAccessor.java:103)
	at java.base/java.lang.reflect.Method.invoke(Method.java:580)
	at org.testng.internal.MethodInvocationHelper.invokeMethod(MethodInvocationHelper.java:133)
	at org.testng.internal.TestInvoker.invokeMethod(TestInvoker.java:598)
	at org.testng.internal.TestInvoker.invokeTestMethod(TestInvoker.java:173)
	at org.testng.internal.MethodRunner.runInSequence(MethodRunner.java:46)
	at org.testng.internal.TestInvoker$MethodInvocationAgent.invoke(TestInvoker.java:824)
	at org.testng.internal.TestInvoker.invokeTestMethods(TestInvoker.java:146)
	at org.testng.internal.TestMethodWorker.invokeTestMethods(TestMethodWorker.java:146)
	at org.testng.internal.TestMethodWorker.run(TestMethodWorker.java:128)
	at java.base/java.util.concurrent.ThreadPoolExecutor.runWorker(ThreadPoolExecutor.java:1144)
	at java.base/java.util.concurrent.ThreadPoolExecutor$Worker.run(ThreadPoolExecutor.java:642)
	at java.base/java.lang.Thread.run(Thread.java:1583)
</pre></div></td>
<td>0</td>
<td>com.runnerclass.WomenJacketRunnerClass@f0c8a99</td></tr>
<tr>
<td title='com.runnerclass.MenHoodiesRunnerClass.checkoutPage()'><b>checkoutPage</b><br>Test class: com.runnerclass.MenHoodiesRunnerClass</td>
<td><div><pre>java.lang.AssertionError: ERROR WHILE SCROLLING DOWN
	at org.junit.Assert.fail(Assert.java:89)
	at com.reusablemethods.BaseClass_TestNG.scrollDown_new(BaseClass_TestNG.java:656)
	at com.pageobjectmodel.MenHoodiesCheckoutPageObjectModel.getValidMenHoodiesCheckoutPage(MenHoodiesCheckoutPageObjectModel.java:26)
	at com.runnerclass.MenHoodiesRunnerClass.checkoutPage(MenHoodiesRunnerClass.java:49)
	at java.base/java.util.concurrent.ThreadPoolExecutor.runWorker(ThreadPoolExecutor.java:1144)
	at java.base/java.util.concurrent.ThreadPoolExecutor$Worker.run(ThreadPoolExecutor.java:642)
	at java.base/java.lang.Thread.run(Thread.java:1583)
... Removed 10 stack frames</pre></div><a href='#' onClick='toggleBox("stack-trace2006584074", this, "Click to show all stack frames", "Click to hide stack frames")'>Click to show all stack frames</a>
<div class='stack-trace' id='stack-trace2006584074'><pre>java.lang.AssertionError: ERROR WHILE SCROLLING DOWN
	at org.junit.Assert.fail(Assert.java:89)
	at com.reusablemethods.BaseClass_TestNG.scrollDown_new(BaseClass_TestNG.java:656)
	at com.pageobjectmodel.MenHoodiesCheckoutPageObjectModel.getValidMenHoodiesCheckoutPage(MenHoodiesCheckoutPageObjectModel.java:26)
	at com.runnerclass.MenHoodiesRunnerClass.checkoutPage(MenHoodiesRunnerClass.java:49)
	at java.base/jdk.internal.reflect.DirectMethodHandleAccessor.invoke(DirectMethodHandleAccessor.java:103)
	at java.base/java.lang.reflect.Method.invoke(Method.java:580)
	at org.testng.internal.MethodInvocationHelper.invokeMethod(MethodInvocationHelper.java:133)
	at org.testng.internal.TestInvoker.invokeMethod(TestInvoker.java:598)
	at org.testng.internal.TestInvoker.invokeTestMethod(TestInvoker.java:173)
	at org.testng.internal.MethodRunner.runInSequence(MethodRunner.java:46)
	at org.testng.internal.TestInvoker$MethodInvocationAgent.invoke(TestInvoker.java:824)
	at org.testng.internal.TestInvoker.invokeTestMethods(TestInvoker.java:146)
	at org.testng.internal.TestMethodWorker.invokeTestMethods(TestMethodWorker.java:146)
	at org.testng.internal.TestMethodWorker.run(TestMethodWorker.java:128)
	at java.base/java.util.concurrent.ThreadPoolExecutor.runWorker(ThreadPoolExecutor.java:1144)
	at java.base/java.util.concurrent.ThreadPoolExecutor$Worker.run(ThreadPoolExecutor.java:642)
	at java.base/java.lang.Thread.run(Thread.java:1583)
</pre></div></td>
<td>0</td>
<td>com.runnerclass.MenHoodiesRunnerClass@6892b3b6</td></tr>
<tr>
<td title='com.runnerclass.MenHoodiesRunnerClass.loginPage()'><b>loginPage</b><br>Test class: com.runnerclass.MenHoodiesRunnerClass</td>
<td><div><pre>java.lang.AssertionError: expected [true] but found [false]
	at com.runnerclass.MenHoodiesRunnerClass.loginPage(MenHoodiesRunnerClass.java:31)
	at java.base/java.util.concurrent.ThreadPoolExecutor.runWorker(ThreadPoolExecutor.java:1144)
	at java.base/java.util.concurrent.ThreadPoolExecutor$Worker.run(ThreadPoolExecutor.java:642)
	at java.base/java.lang.Thread.run(Thread.java:1583)
... Removed 14 stack frames</pre></div><a href='#' onClick='toggleBox("stack-trace2114681722", this, "Click to show all stack frames", "Click to hide stack frames")'>Click to show all stack frames</a>
<div class='stack-trace' id='stack-trace2114681722'><pre>java.lang.AssertionError: expected [true] but found [false]
	at org.testng.Assert.fail(Assert.java:99)
	at org.testng.Assert.failNotEquals(Assert.java:1037)
	at org.testng.Assert.assertTrue(Assert.java:45)
	at org.testng.Assert.assertTrue(Assert.java:55)
	at com.runnerclass.MenHoodiesRunnerClass.loginPage(MenHoodiesRunnerClass.java:31)
	at java.base/jdk.internal.reflect.DirectMethodHandleAccessor.invoke(DirectMethodHandleAccessor.java:103)
	at java.base/java.lang.reflect.Method.invoke(Method.java:580)
	at org.testng.internal.MethodInvocationHelper.invokeMethod(MethodInvocationHelper.java:133)
	at org.testng.internal.TestInvoker.invokeMethod(TestInvoker.java:598)
	at org.testng.internal.TestInvoker.invokeTestMethod(TestInvoker.java:173)
	at org.testng.internal.MethodRunner.runInSequence(MethodRunner.java:46)
	at org.testng.internal.TestInvoker$MethodInvocationAgent.invoke(TestInvoker.java:824)
	at org.testng.internal.TestInvoker.invokeTestMethods(TestInvoker.java:146)
	at org.testng.internal.TestMethodWorker.invokeTestMethods(TestMethodWorker.java:146)
	at org.testng.internal.TestMethodWorker.run(TestMethodWorker.java:128)
	at java.base/java.util.concurrent.ThreadPoolExecutor.runWorker(ThreadPoolExecutor.java:1144)
	at java.base/java.util.concurrent.ThreadPoolExecutor$Worker.run(ThreadPoolExecutor.java:642)
	at java.base/java.lang.Thread.run(Thread.java:1583)
</pre></div></td>
<td>0</td>
<td>com.runnerclass.MenHoodiesRunnerClass@6892b3b6</td></tr>
<tr>
<td title='com.runnerclass.MenJacketRunnerClass.searchProductPage()'><b>searchProductPage</b><br>Test class: com.runnerclass.MenJacketRunnerClass</td>
<td><div><pre>java.lang.AssertionError: ERROR OCCURED WHILE PERFORMING ACTIONS ON ELEMENT
	at org.junit.Assert.fail(Assert.java:89)
	at com.reusablemethods.BaseClass_TestNG.actionMethods(BaseClass_TestNG.java:304)
	at com.pageobjectmodel.MenSearchProductPageObjectModel.getValidMenSearchPage(MenSearchProductPageObjectModel.java:48)
	at com.runnerclass.MenJacketRunnerClass.searchProductPage(MenJacketRunnerClass.java:45)
	at java.base/java.util.concurrent.ThreadPoolExecutor.runWorker(ThreadPoolExecutor.java:1144)
	at java.base/java.util.concurrent.ThreadPoolExecutor$Worker.run(ThreadPoolExecutor.java:642)
	at java.base/java.lang.Thread.run(Thread.java:1583)
... Removed 10 stack frames</pre></div><a href='#' onClick='toggleBox("stack-trace709804410", this, "Click to show all stack frames", "Click to hide stack frames")'>Click to show all stack frames</a>
<div class='stack-trace' id='stack-trace709804410'><pre>java.lang.AssertionError: ERROR OCCURED WHILE PERFORMING ACTIONS ON ELEMENT
	at org.junit.Assert.fail(Assert.java:89)
	at com.reusablemethods.BaseClass_TestNG.actionMethods(BaseClass_TestNG.java:304)
	at com.pageobjectmodel.MenSearchProductPageObjectModel.getValidMenSearchPage(MenSearchProductPageObjectModel.java:48)
	at com.runnerclass.MenJacketRunnerClass.searchProductPage(MenJacketRunnerClass.java:45)
	at java.base/jdk.internal.reflect.DirectMethodHandleAccessor.invoke(DirectMethodHandleAccessor.java:103)
	at java.base/java.lang.reflect.Method.invoke(Method.java:580)
	at org.testng.internal.MethodInvocationHelper.invokeMethod(MethodInvocationHelper.java:133)
	at org.testng.internal.TestInvoker.invokeMethod(TestInvoker.java:598)
	at org.testng.internal.TestInvoker.invokeTestMethod(TestInvoker.java:173)
	at org.testng.internal.MethodRunner.runInSequence(MethodRunner.java:46)
	at org.testng.internal.TestInvoker$MethodInvocationAgent.invoke(TestInvoker.java:824)
	at org.testng.internal.TestInvoker.invokeTestMethods(TestInvoker.java:146)
	at org.testng.internal.TestMethodWorker.invokeTestMethods(TestMethodWorker.java:146)
	at org.testng.internal.TestMethodWorker.run(TestMethodWorker.java:128)
	at java.base/java.util.concurrent.ThreadPoolExecutor.runWorker(ThreadPoolExecutor.java:1144)
	at java.base/java.util.concurrent.ThreadPoolExecutor$Worker.run(ThreadPoolExecutor.java:642)
	at java.base/java.lang.Thread.run(Thread.java:1583)
</pre></div></td>
<td>0</td>
<td>com.runnerclass.MenJacketRunnerClass@11392934</td></tr>
<tr>
<td title='com.runnerclass.MenHoodiesRunnerClass.shippingPage()'><b>shippingPage</b><br>Test class: com.runnerclass.MenHoodiesRunnerClass</td>
<td><div><pre>java.lang.AssertionError: ERROR WHILE CLICKING ELEMENT
	at org.junit.Assert.fail(Assert.java:89)
	at com.reusablemethods.BaseClass_TestNG.javaScriptClick(BaseClass_TestNG.java:667)
	at com.pageobjectmodel.ShippingPageObjectModel.getvalidshippingdetails(ShippingPageObjectModel.java:75)
	at com.runnerclass.MenHoodiesRunnerClass.shippingPage(MenHoodiesRunnerClass.java:43)
	at java.base/java.util.concurrent.ThreadPoolExecutor.runWorker(ThreadPoolExecutor.java:1144)
	at java.base/java.util.concurrent.ThreadPoolExecutor$Worker.run(ThreadPoolExecutor.java:642)
	at java.base/java.lang.Thread.run(Thread.java:1583)
... Removed 10 stack frames</pre></div><a href='#' onClick='toggleBox("stack-trace1223593914", this, "Click to show all stack frames", "Click to hide stack frames")'>Click to show all stack frames</a>
<div class='stack-trace' id='stack-trace1223593914'><pre>java.lang.AssertionError: ERROR WHILE CLICKING ELEMENT
	at org.junit.Assert.fail(Assert.java:89)
	at com.reusablemethods.BaseClass_TestNG.javaScriptClick(BaseClass_TestNG.java:667)
	at com.pageobjectmodel.ShippingPageObjectModel.getvalidshippingdetails(ShippingPageObjectModel.java:75)
	at com.runnerclass.MenHoodiesRunnerClass.shippingPage(MenHoodiesRunnerClass.java:43)
	at java.base/jdk.internal.reflect.DirectMethodHandleAccessor.invoke(DirectMethodHandleAccessor.java:103)
	at java.base/java.lang.reflect.Method.invoke(Method.java:580)
	at org.testng.internal.MethodInvocationHelper.invokeMethod(MethodInvocationHelper.java:133)
	at org.testng.internal.TestInvoker.invokeMethod(TestInvoker.java:598)
	at org.testng.internal.TestInvoker.invokeTestMethod(TestInvoker.java:173)
	at org.testng.internal.MethodRunner.runInSequence(MethodRunner.java:46)
	at org.testng.internal.TestInvoker$MethodInvocationAgent.invoke(TestInvoker.java:824)
	at org.testng.internal.TestInvoker.invokeTestMethods(TestInvoker.java:146)
	at org.testng.internal.TestMethodWorker.invokeTestMethods(TestMethodWorker.java:146)
	at org.testng.internal.TestMethodWorker.run(TestMethodWorker.java:128)
	at java.base/java.util.concurrent.ThreadPoolExecutor.runWorker(ThreadPoolExecutor.java:1144)
	at java.base/java.util.concurrent.ThreadPoolExecutor$Worker.run(ThreadPoolExecutor.java:642)
	at java.base/java.lang.Thread.run(Thread.java:1583)
</pre></div></td>
<td>10</td>
<td>com.runnerclass.MenHoodiesRunnerClass@6892b3b6</td></tr>
<tr>
<td title='com.runnerclass.GearRunnerClass.shippinPage()'><b>shippinPage</b><br>Test class: com.runnerclass.GearRunnerClass</td>
<td><div><pre>java.lang.AssertionError: ERROR WHILE SCROLLING DOWN
	at org.junit.Assert.fail(Assert.java:89)
	at com.reusablemethods.BaseClass_TestNG.scrollDown_new(BaseClass_TestNG.java:656)
	at com.pageobjectmodel.ShippingPageObjectModel.getvalidshippingdetails(ShippingPageObjectModel.java:74)
	at com.runnerclass.GearRunnerClass.shippinPage(GearRunnerClass.java:49)
	at java.base/java.util.concurrent.ThreadPoolExecutor.runWorker(ThreadPoolExecutor.java:1144)
	at java.base/java.util.concurrent.ThreadPoolExecutor$Worker.run(ThreadPoolExecutor.java:642)
	at java.base/java.lang.Thread.run(Thread.java:1583)
... Removed 10 stack frames</pre></div><a href='#' onClick='toggleBox("stack-trace576370127", this, "Click to show all stack frames", "Click to hide stack frames")'>Click to show all stack frames</a>
<div class='stack-trace' id='stack-trace576370127'><pre>java.lang.AssertionError: ERROR WHILE SCROLLING DOWN
	at org.junit.Assert.fail(Assert.java:89)
	at com.reusablemethods.BaseClass_TestNG.scrollDown_new(BaseClass_TestNG.java:656)
	at com.pageobjectmodel.ShippingPageObjectModel.getvalidshippingdetails(ShippingPageObjectModel.java:74)
	at com.runnerclass.GearRunnerClass.shippinPage(GearRunnerClass.java:49)
	at java.base/jdk.internal.reflect.DirectMethodHandleAccessor.invoke(DirectMethodHandleAccessor.java:103)
	at java.base/java.lang.reflect.Method.invoke(Method.java:580)
	at org.testng.internal.MethodInvocationHelper.invokeMethod(MethodInvocationHelper.java:133)
	at org.testng.internal.TestInvoker.invokeMethod(TestInvoker.java:598)
	at org.testng.internal.TestInvoker.invokeTestMethod(TestInvoker.java:173)
	at org.testng.internal.MethodRunner.runInSequence(MethodRunner.java:46)
	at org.testng.internal.TestInvoker$MethodInvocationAgent.invoke(TestInvoker.java:824)
	at org.testng.internal.TestInvoker.invokeTestMethods(TestInvoker.java:146)
	at org.testng.internal.TestMethodWorker.invokeTestMethods(TestMethodWorker.java:146)
	at org.testng.internal.TestMethodWorker.run(TestMethodWorker.java:128)
	at java.base/java.util.concurrent.ThreadPoolExecutor.runWorker(ThreadPoolExecutor.java:1144)
	at java.base/java.util.concurrent.ThreadPoolExecutor$Worker.run(ThreadPoolExecutor.java:642)
	at java.base/java.lang.Thread.run(Thread.java:1583)
</pre></div></td>
<td>0</td>
<td>com.runnerclass.GearRunnerClass@2a265ea9</td></tr>
<tr>
<td title='com.runnerclass.GearRunnerClass.checkoutPage()'><b>checkoutPage</b><br>Test class: com.runnerclass.GearRunnerClass</td>
<td><div><pre>java.lang.AssertionError: ERROR OCCURED DURING IMPLICITE WAIT
	at org.junit.Assert.fail(Assert.java:89)
	at com.reusablemethods.BaseClass_TestNG.impliciteWait(BaseClass_TestNG.java:589)
	at com.pageobjectmodel.OrderCheckoutPageObjectModel.getValidCheckOutOrderPage(OrderCheckoutPageObjectModel.java:26)
	at com.runnerclass.GearRunnerClass.checkoutPage(GearRunnerClass.java:54)
	at java.base/java.util.concurrent.ThreadPoolExecutor.runWorker(ThreadPoolExecutor.java:1144)
	at java.base/java.util.concurrent.ThreadPoolExecutor$Worker.run(ThreadPoolExecutor.java:642)
	at java.base/java.lang.Thread.run(Thread.java:1583)
... Removed 10 stack frames</pre></div><a href='#' onClick='toggleBox("stack-trace2009191351", this, "Click to show all stack frames", "Click to hide stack frames")'>Click to show all stack frames</a>
<div class='stack-trace' id='stack-trace2009191351'><pre>java.lang.AssertionError: ERROR OCCURED DURING IMPLICITE WAIT
	at org.junit.Assert.fail(Assert.java:89)
	at com.reusablemethods.BaseClass_TestNG.impliciteWait(BaseClass_TestNG.java:589)
	at com.pageobjectmodel.OrderCheckoutPageObjectModel.getValidCheckOutOrderPage(OrderCheckoutPageObjectModel.java:26)
	at com.runnerclass.GearRunnerClass.checkoutPage(GearRunnerClass.java:54)
	at java.base/jdk.internal.reflect.DirectMethodHandleAccessor.invoke(DirectMethodHandleAccessor.java:103)
	at java.base/java.lang.reflect.Method.invoke(Method.java:580)
	at org.testng.internal.MethodInvocationHelper.invokeMethod(MethodInvocationHelper.java:133)
	at org.testng.internal.TestInvoker.invokeMethod(TestInvoker.java:598)
	at org.testng.internal.TestInvoker.invokeTestMethod(TestInvoker.java:173)
	at org.testng.internal.MethodRunner.runInSequence(MethodRunner.java:46)
	at org.testng.internal.TestInvoker$MethodInvocationAgent.invoke(TestInvoker.java:824)
	at org.testng.internal.TestInvoker.invokeTestMethods(TestInvoker.java:146)
	at org.testng.internal.TestMethodWorker.invokeTestMethods(TestMethodWorker.java:146)
	at org.testng.internal.TestMethodWorker.run(TestMethodWorker.java:128)
	at java.base/java.util.concurrent.ThreadPoolExecutor.runWorker(ThreadPoolExecutor.java:1144)
	at java.base/java.util.concurrent.ThreadPoolExecutor$Worker.run(ThreadPoolExecutor.java:642)
	at java.base/java.lang.Thread.run(Thread.java:1583)
</pre></div></td>
<td>0</td>
<td>com.runnerclass.GearRunnerClass@2a265ea9</td></tr>
<tr>
<td title='com.runnerclass.MenJacketRunnerClass.shippingPage()'><b>shippingPage</b><br>Test class: com.runnerclass.MenJacketRunnerClass</td>
<td><div><pre>java.lang.AssertionError: ERROR WHILE CLICKING ELEMENT
	at org.junit.Assert.fail(Assert.java:89)
	at com.reusablemethods.BaseClass_TestNG.javaScriptClick(BaseClass_TestNG.java:667)
	at com.pageobjectmodel.ShippingPageObjectModel.getvalidshippingdetails(ShippingPageObjectModel.java:75)
	at com.runnerclass.MenJacketRunnerClass.shippingPage(MenJacketRunnerClass.java:51)
	at java.base/java.util.concurrent.ThreadPoolExecutor.runWorker(ThreadPoolExecutor.java:1144)
	at java.base/java.util.concurrent.ThreadPoolExecutor$Worker.run(ThreadPoolExecutor.java:642)
	at java.base/java.lang.Thread.run(Thread.java:1583)
... Removed 10 stack frames</pre></div><a href='#' onClick='toggleBox("stack-trace1328094142", this, "Click to show all stack frames", "Click to hide stack frames")'>Click to show all stack frames</a>
<div class='stack-trace' id='stack-trace1328094142'><pre>java.lang.AssertionError: ERROR WHILE CLICKING ELEMENT
	at org.junit.Assert.fail(Assert.java:89)
	at com.reusablemethods.BaseClass_TestNG.javaScriptClick(BaseClass_TestNG.java:667)
	at com.pageobjectmodel.ShippingPageObjectModel.getvalidshippingdetails(ShippingPageObjectModel.java:75)
	at com.runnerclass.MenJacketRunnerClass.shippingPage(MenJacketRunnerClass.java:51)
	at java.base/jdk.internal.reflect.DirectMethodHandleAccessor.invoke(DirectMethodHandleAccessor.java:103)
	at java.base/java.lang.reflect.Method.invoke(Method.java:580)
	at org.testng.internal.MethodInvocationHelper.invokeMethod(MethodInvocationHelper.java:133)
	at org.testng.internal.TestInvoker.invokeMethod(TestInvoker.java:598)
	at org.testng.internal.TestInvoker.invokeTestMethod(TestInvoker.java:173)
	at org.testng.internal.MethodRunner.runInSequence(MethodRunner.java:46)
	at org.testng.internal.TestInvoker$MethodInvocationAgent.invoke(TestInvoker.java:824)
	at org.testng.internal.TestInvoker.invokeTestMethods(TestInvoker.java:146)
	at org.testng.internal.TestMethodWorker.invokeTestMethods(TestMethodWorker.java:146)
	at org.testng.internal.TestMethodWorker.run(TestMethodWorker.java:128)
	at java.base/java.util.concurrent.ThreadPoolExecutor.runWorker(ThreadPoolExecutor.java:1144)
	at java.base/java.util.concurrent.ThreadPoolExecutor$Worker.run(ThreadPoolExecutor.java:642)
	at java.base/java.lang.Thread.run(Thread.java:1583)
</pre></div></td>
<td>10</td>
<td>com.runnerclass.MenJacketRunnerClass@11392934</td></tr>
<tr>
<td title='com.runnerclass.WomenJacketRunnerClass.loginPage()'><b>loginPage</b><br>Test class: com.runnerclass.WomenJacketRunnerClass</td>
<td><div><pre>java.lang.AssertionError: expected [true] but found [false]
	at com.runnerclass.WomenJacketRunnerClass.loginPage(WomenJacketRunnerClass.java:32)
	at java.base/java.util.concurrent.ThreadPoolExecutor.runWorker(ThreadPoolExecutor.java:1144)
	at java.base/java.util.concurrent.ThreadPoolExecutor$Worker.run(ThreadPoolExecutor.java:642)
	at java.base/java.lang.Thread.run(Thread.java:1583)
... Removed 14 stack frames</pre></div><a href='#' onClick='toggleBox("stack-trace1724633266", this, "Click to show all stack frames", "Click to hide stack frames")'>Click to show all stack frames</a>
<div class='stack-trace' id='stack-trace1724633266'><pre>java.lang.AssertionError: expected [true] but found [false]
	at org.testng.Assert.fail(Assert.java:99)
	at org.testng.Assert.failNotEquals(Assert.java:1037)
	at org.testng.Assert.assertTrue(Assert.java:45)
	at org.testng.Assert.assertTrue(Assert.java:55)
	at com.runnerclass.WomenJacketRunnerClass.loginPage(WomenJacketRunnerClass.java:32)
	at java.base/jdk.internal.reflect.DirectMethodHandleAccessor.invoke(DirectMethodHandleAccessor.java:103)
	at java.base/java.lang.reflect.Method.invoke(Method.java:580)
	at org.testng.internal.MethodInvocationHelper.invokeMethod(MethodInvocationHelper.java:133)
	at org.testng.internal.TestInvoker.invokeMethod(TestInvoker.java:598)
	at org.testng.internal.TestInvoker.invokeTestMethod(TestInvoker.java:173)
	at org.testng.internal.MethodRunner.runInSequence(MethodRunner.java:46)
	at org.testng.internal.TestInvoker$MethodInvocationAgent.invoke(TestInvoker.java:824)
	at org.testng.internal.TestInvoker.invokeTestMethods(TestInvoker.java:146)
	at org.testng.internal.TestMethodWorker.invokeTestMethods(TestMethodWorker.java:146)
	at org.testng.internal.TestMethodWorker.run(TestMethodWorker.java:128)
	at java.base/java.util.concurrent.ThreadPoolExecutor.runWorker(ThreadPoolExecutor.java:1144)
	at java.base/java.util.concurrent.ThreadPoolExecutor$Worker.run(ThreadPoolExecutor.java:642)
	at java.base/java.lang.Thread.run(Thread.java:1583)
</pre></div></td>
<td>13</td>
<td>com.runnerclass.WomenJacketRunnerClass@f0c8a99</td></tr>
<tr>
<td title='com.runnerclass.WomenJacketRunnerClass.shippingPage()'><b>shippingPage</b><br>Test class: com.runnerclass.WomenJacketRunnerClass</td>
<td><div><pre>java.lang.AssertionError: ERROR WHILE SCROLLING DOWN
	at org.junit.Assert.fail(Assert.java:89)
	at com.reusablemethods.BaseClass_TestNG.scrollDown_new(BaseClass_TestNG.java:656)
	at com.pageobjectmodel.ShippingPageObjectModel.getvalidshippingdetails(ShippingPageObjectModel.java:74)
	at com.runnerclass.WomenJacketRunnerClass.shippingPage(WomenJacketRunnerClass.java:44)
	at java.base/java.util.concurrent.ThreadPoolExecutor.runWorker(ThreadPoolExecutor.java:1144)
	at java.base/java.util.concurrent.ThreadPoolExecutor$Worker.run(ThreadPoolExecutor.java:642)
	at java.base/java.lang.Thread.run(Thread.java:1583)
... Removed 10 stack frames</pre></div><a href='#' onClick='toggleBox("stack-trace1448448492", this, "Click to show all stack frames", "Click to hide stack frames")'>Click to show all stack frames</a>
<div class='stack-trace' id='stack-trace1448448492'><pre>java.lang.AssertionError: ERROR WHILE SCROLLING DOWN
	at org.junit.Assert.fail(Assert.java:89)
	at com.reusablemethods.BaseClass_TestNG.scrollDown_new(BaseClass_TestNG.java:656)
	at com.pageobjectmodel.ShippingPageObjectModel.getvalidshippingdetails(ShippingPageObjectModel.java:74)
	at com.runnerclass.WomenJacketRunnerClass.shippingPage(WomenJacketRunnerClass.java:44)
	at java.base/jdk.internal.reflect.DirectMethodHandleAccessor.invoke(DirectMethodHandleAccessor.java:103)
	at java.base/java.lang.reflect.Method.invoke(Method.java:580)
	at org.testng.internal.MethodInvocationHelper.invokeMethod(MethodInvocationHelper.java:133)
	at org.testng.internal.TestInvoker.invokeMethod(TestInvoker.java:598)
	at org.testng.internal.TestInvoker.invokeTestMethod(TestInvoker.java:173)
	at org.testng.internal.MethodRunner.runInSequence(MethodRunner.java:46)
	at org.testng.internal.TestInvoker$MethodInvocationAgent.invoke(TestInvoker.java:824)
	at org.testng.internal.TestInvoker.invokeTestMethods(TestInvoker.java:146)
	at org.testng.internal.TestMethodWorker.invokeTestMethods(TestMethodWorker.java:146)
	at org.testng.internal.TestMethodWorker.run(TestMethodWorker.java:128)
	at java.base/java.util.concurrent.ThreadPoolExecutor.runWorker(ThreadPoolExecutor.java:1144)
	at java.base/java.util.concurrent.ThreadPoolExecutor$Worker.run(ThreadPoolExecutor.java:642)
	at java.base/java.lang.Thread.run(Thread.java:1583)
</pre></div></td>
<td>0</td>
<td>com.runnerclass.WomenJacketRunnerClass@f0c8a99</td></tr>
<tr>
<td title='com.runnerclass.MenJacketRunnerClass.checkoutPage()'><b>checkoutPage</b><br>Test class: com.runnerclass.MenJacketRunnerClass</td>
<td><div><pre>java.lang.AssertionError: ERROR OCCURED DURING IMPLICITE WAIT
	at org.junit.Assert.fail(Assert.java:89)
	at com.reusablemethods.BaseClass_TestNG.impliciteWait(BaseClass_TestNG.java:589)
	at com.pageobjectmodel.OrderCheckoutPageObjectModel.getValidCheckOutOrderPage(OrderCheckoutPageObjectModel.java:26)
	at com.runnerclass.MenJacketRunnerClass.checkoutPage(MenJacketRunnerClass.java:57)
	at java.base/java.util.concurrent.ThreadPoolExecutor.runWorker(ThreadPoolExecutor.java:1144)
	at java.base/java.util.concurrent.ThreadPoolExecutor$Worker.run(ThreadPoolExecutor.java:642)
	at java.base/java.lang.Thread.run(Thread.java:1583)
... Removed 10 stack frames</pre></div><a href='#' onClick='toggleBox("stack-trace1860195067", this, "Click to show all stack frames", "Click to hide stack frames")'>Click to show all stack frames</a>
<div class='stack-trace' id='stack-trace1860195067'><pre>java.lang.AssertionError: ERROR OCCURED DURING IMPLICITE WAIT
	at org.junit.Assert.fail(Assert.java:89)
	at com.reusablemethods.BaseClass_TestNG.impliciteWait(BaseClass_TestNG.java:589)
	at com.pageobjectmodel.OrderCheckoutPageObjectModel.getValidCheckOutOrderPage(OrderCheckoutPageObjectModel.java:26)
	at com.runnerclass.MenJacketRunnerClass.checkoutPage(MenJacketRunnerClass.java:57)
	at java.base/jdk.internal.reflect.DirectMethodHandleAccessor.invoke(DirectMethodHandleAccessor.java:103)
	at java.base/java.lang.reflect.Method.invoke(Method.java:580)
	at org.testng.internal.MethodInvocationHelper.invokeMethod(MethodInvocationHelper.java:133)
	at org.testng.internal.TestInvoker.invokeMethod(TestInvoker.java:598)
	at org.testng.internal.TestInvoker.invokeTestMethod(TestInvoker.java:173)
	at org.testng.internal.MethodRunner.runInSequence(MethodRunner.java:46)
	at org.testng.internal.TestInvoker$MethodInvocationAgent.invoke(TestInvoker.java:824)
	at org.testng.internal.TestInvoker.invokeTestMethods(TestInvoker.java:146)
	at org.testng.internal.TestMethodWorker.invokeTestMethods(TestMethodWorker.java:146)
	at org.testng.internal.TestMethodWorker.run(TestMethodWorker.java:128)
	at java.base/java.util.concurrent.ThreadPoolExecutor.runWorker(ThreadPoolExecutor.java:1144)
	at java.base/java.util.concurrent.ThreadPoolExecutor$Worker.run(ThreadPoolExecutor.java:642)
	at java.base/java.lang.Thread.run(Thread.java:1583)
</pre></div></td>
<td>0</td>
<td>com.runnerclass.MenJacketRunnerClass@11392934</td></tr>
<tr>
<td title='com.runnerclass.GearRunnerClass.loginPage()'><b>loginPage</b><br>Test class: com.runnerclass.GearRunnerClass</td>
<td><div><pre>java.lang.AssertionError: expected [true] but found [false]
	at com.runnerclass.GearRunnerClass.loginPage(GearRunnerClass.java:38)
	at java.base/java.util.concurrent.ThreadPoolExecutor.runWorker(ThreadPoolExecutor.java:1144)
	at java.base/java.util.concurrent.ThreadPoolExecutor$Worker.run(ThreadPoolExecutor.java:642)
	at java.base/java.lang.Thread.run(Thread.java:1583)
... Removed 14 stack frames</pre></div><a href='#' onClick='toggleBox("stack-trace1493546424", this, "Click to show all stack frames", "Click to hide stack frames")'>Click to show all stack frames</a>
<div class='stack-trace' id='stack-trace1493546424'><pre>java.lang.AssertionError: expected [true] but found [false]
	at org.testng.Assert.fail(Assert.java:99)
	at org.testng.Assert.failNotEquals(Assert.java:1037)
	at org.testng.Assert.assertTrue(Assert.java:45)
	at org.testng.Assert.assertTrue(Assert.java:55)
	at com.runnerclass.GearRunnerClass.loginPage(GearRunnerClass.java:38)
	at java.base/jdk.internal.reflect.DirectMethodHandleAccessor.invoke(DirectMethodHandleAccessor.java:103)
	at java.base/java.lang.reflect.Method.invoke(Method.java:580)
	at org.testng.internal.MethodInvocationHelper.invokeMethod(MethodInvocationHelper.java:133)
	at org.testng.internal.TestInvoker.invokeMethod(TestInvoker.java:598)
	at org.testng.internal.TestInvoker.invokeTestMethod(TestInvoker.java:173)
	at org.testng.internal.MethodRunner.runInSequence(MethodRunner.java:46)
	at org.testng.internal.TestInvoker$MethodInvocationAgent.invoke(TestInvoker.java:824)
	at org.testng.internal.TestInvoker.invokeTestMethods(TestInvoker.java:146)
	at org.testng.internal.TestMethodWorker.invokeTestMethods(TestMethodWorker.java:146)
	at org.testng.internal.TestMethodWorker.run(TestMethodWorker.java:128)
	at java.base/java.util.concurrent.ThreadPoolExecutor.runWorker(ThreadPoolExecutor.java:1144)
	at java.base/java.util.concurrent.ThreadPoolExecutor$Worker.run(ThreadPoolExecutor.java:642)
	at java.base/java.lang.Thread.run(Thread.java:1583)
</pre></div></td>
<td>0</td>
<td>com.runnerclass.GearRunnerClass@2a265ea9</td></tr>
</table><p>
</body>
</html>