<?xml version="1.0" encoding="UTF-8"?>
<!-- Generated by org.testng.reporters.JUnitXMLReporter -->
<testsuite ignored="0" hostname="Pixel" failures="3" tests="4" name="Women" time="60.756" errors="0" timestamp="2025-02-21T19:49:59 CET">
  <testcase classname="com.runnerclass.WomenJacketRunnerClass" name="@AfterTest terminateBrowser" time="0.003">
    <failure type="java.lang.AssertionError" message="ERROR OCCURED DURING IMPLICITE WAIT">
      <![CDATA[java.lang.AssertionError: ERROR OCCURED DURING IMPLICITE WAIT
at org.junit.Assert.fail(Assert.java:89)
at com.reusablemethods.BaseClass_TestNG.impliciteWait(BaseClass_TestNG.java:589)
at com.pageobjectmodel.LogOutPageObjectModel.getValidLogoutPage(LogOutPageObjectModel.java:25)
at com.runnerclass.WomenJacketRunnerClass.terminateBrowser(WomenJacketRunnerClass.java:56)
... Removed 22 stack frames]]>
    </failure>
  </testcase> <!-- @AfterTest terminateBrowser -->
  <testcase classname="com.runnerclass.WomenJacketRunnerClass" name="loginPage" time="3.892"/>
  <testcase classname="com.runnerclass.WomenJacketRunnerClass" name="searchProductPage" time="25.377">
    <failure type="java.lang.AssertionError" message="ERROR OCCURED WHILE CLICKING ELEMENT">
      <![CDATA[java.lang.AssertionError: ERROR OCCURED WHILE CLICKING ELEMENT
at org.junit.Assert.fail(Assert.java:89)
at com.reusablemethods.BaseClass_TestNG.clickOnElement(BaseClass_TestNG.java:154)
at com.pageobjectmodel.WomenSearchPageObjectModel.getValidWomenSearchPage(WomenSearchPageObjectModel.java:62)
at com.runnerclass.WomenJacketRunnerClass.searchProductPage(WomenJacketRunnerClass.java:38)
at java.base/java.util.ArrayList.forEach(ArrayList.java:1596)
... Removed 25 stack frames]]>
    </failure>
  </testcase> <!-- searchProductPage -->
  <testcase classname="com.runnerclass.WomenJacketRunnerClass" name="shippingPage" time="20.046">
    <failure type="java.lang.AssertionError" message="ERROR WHILE CLICKING ELEMENT">
      <![CDATA[java.lang.AssertionError: ERROR WHILE CLICKING ELEMENT
at org.junit.Assert.fail(Assert.java:89)
at com.reusablemethods.BaseClass_TestNG.javaScriptClick(BaseClass_TestNG.java:667)
at com.pageobjectmodel.ShippingPageObjectModel.getvalidshippingdetails(ShippingPageObjectModel.java:75)
at com.runnerclass.WomenJacketRunnerClass.shippingPage(WomenJacketRunnerClass.java:44)
at java.base/java.util.ArrayList.forEach(ArrayList.java:1596)
... Removed 25 stack frames]]>
    </failure>
  </testcase> <!-- shippingPage -->
  <testcase classname="com.runnerclass.WomenJacketRunnerClass" name="checkoutPage" time="7.112">
    <failure type="java.lang.AssertionError" message="ERROR WHILE CLICKING ELEMENT">
      <![CDATA[java.lang.AssertionError: ERROR WHILE CLICKING ELEMENT
at org.junit.Assert.fail(Assert.java:89)
at com.reusablemethods.BaseClass_TestNG.javaScriptClick(BaseClass_TestNG.java:667)
at com.pageobjectmodel.OrderCheckoutPageObjectModel.getValidCheckOutOrderPage(OrderCheckoutPageObjectModel.java:35)
at com.runnerclass.WomenJacketRunnerClass.checkoutPage(WomenJacketRunnerClass.java:50)
at java.base/java.util.ArrayList.forEach(ArrayList.java:1596)
... Removed 25 stack frames]]>
    </failure>
  </testcase> <!-- checkoutPage -->
</testsuite> <!-- Women -->
