<?xml version="1.0" encoding="UTF-8"?>
<testng-results ignored="0" total="4" passed="4" failed="0" skipped="0">
  <reporter-output>
  </reporter-output>
  <suite started-at="2025-02-25T11:53:52 CET" name="Default suite" finished-at="2025-02-25T11:54:23 CET" duration-ms="31528">
    <groups>
    </groups>
    <test started-at="2025-02-25T11:53:52 CET" name="Default test" finished-at="2025-02-25T11:54:23 CET" duration-ms="31528">
      <class name="com.runnerclass.MenJacketRunnerClass">
        <test-method is-config="true" signature="startExtend()[pri:0, instance:com.runnerclass.MenJacketRunnerClass@298a5e20]" started-at="2025-02-25T11:53:52 CET" name="startExtend" finished-at="2025-02-25T11:53:52 CET" duration-ms="207" status="PASS">
          <reporter-output>
          </reporter-output>
        </test-method> <!-- startExtend -->
        <test-method is-config="true" signature="setUp()[pri:0, instance:com.runnerclass.MenJacketRunnerClass@298a5e20]" started-at="2025-02-25T11:53:52 CET" name="setUp" finished-at="2025-02-25T11:53:58 CET" duration-ms="6206" status="PASS">
          <reporter-output>
          </reporter-output>
        </test-method> <!-- setUp -->
        <test-method signature="loginPage()[pri:1, instance:com.runnerclass.MenJacketRunnerClass@298a5e20]" started-at="2025-02-25T11:53:58 CET" name="loginPage" finished-at="2025-02-25T11:54:03 CET" duration-ms="5061" status="PASS">
          <reporter-output>
          </reporter-output>
        </test-method> <!-- loginPage -->
        <test-method signature="searchProductPage()[pri:2, instance:com.runnerclass.MenJacketRunnerClass@298a5e20]" started-at="2025-02-25T11:54:04 CET" name="searchProductPage" finished-at="2025-02-25T11:54:09 CET" duration-ms="5145" status="PASS">
          <reporter-output>
          </reporter-output>
        </test-method> <!-- searchProductPage -->
        <test-method signature="shippingPage()[pri:3, instance:com.runnerclass.MenJacketRunnerClass@298a5e20]" started-at="2025-02-25T11:54:09 CET" name="shippingPage" finished-at="2025-02-25T11:54:13 CET" duration-ms="3453" status="PASS">
          <reporter-output>
          </reporter-output>
        </test-method> <!-- shippingPage -->
        <test-method signature="checkoutPage()[pri:4, instance:com.runnerclass.MenJacketRunnerClass@298a5e20]" started-at="2025-02-25T11:54:13 CET" name="checkoutPage" finished-at="2025-02-25T11:54:20 CET" duration-ms="7096" status="PASS">
          <reporter-output>
          </reporter-output>
        </test-method> <!-- checkoutPage -->
        <test-method is-config="true" signature="terminateBrowser()[pri:0, instance:com.runnerclass.MenJacketRunnerClass@298a5e20]" started-at="2025-02-25T11:54:21 CET" name="terminateBrowser" finished-at="2025-02-25T11:54:23 CET" duration-ms="2469" status="FAIL">
          <exception class="java.lang.AssertionError">
            <message>
              <![CDATA[ERROR OCCURED WHILE CLICKING ELEMENT]]>
            </message>
            <full-stacktrace>
              <![CDATA[java.lang.AssertionError: ERROR OCCURED WHILE CLICKING ELEMENT
at org.junit.Assert.fail(Assert.java:89)
at com.reusablemethods.BaseClass_TestNG.clickOnElement(BaseClass_TestNG.java:154)
at com.pageobjectmodel.LogOutPageObjectModel.getValidLogoutPage(LogOutPageObjectModel.java:27)
at com.runnerclass.MenJacketRunnerClass.terminateBrowser(MenJacketRunnerClass.java:30)
at java.base/jdk.internal.reflect.DirectMethodHandleAccessor.invoke(DirectMethodHandleAccessor.java:103)
at java.base/java.lang.reflect.Method.invoke(Method.java:580)
at org.testng.internal.MethodInvocationHelper.invokeMethod(MethodInvocationHelper.java:133)
at org.testng.internal.MethodInvocationHelper.invokeMethodConsideringTimeout(MethodInvocationHelper.java:62)
at org.testng.internal.ConfigInvoker.invokeConfigurationMethod(ConfigInvoker.java:385)
at org.testng.internal.ConfigInvoker.invokeConfigurations(ConfigInvoker.java:321)
at org.testng.TestRunner.invokeTestConfigurations(TestRunner.java:637)
at org.testng.TestRunner.afterRun(TestRunner.java:877)
at org.testng.TestRunner.run(TestRunner.java:599)
at org.testng.SuiteRunner.runTest(SuiteRunner.java:377)
at org.testng.SuiteRunner.runSequentially(SuiteRunner.java:371)
at org.testng.SuiteRunner.privateRun(SuiteRunner.java:332)
at org.testng.SuiteRunner.run(SuiteRunner.java:276)
at org.testng.SuiteRunnerWorker.runSuite(SuiteRunnerWorker.java:53)
at org.testng.SuiteRunnerWorker.run(SuiteRunnerWorker.java:96)
at org.testng.TestNG.runSuitesSequentially(TestNG.java:1212)
at org.testng.TestNG.runSuitesLocally(TestNG.java:1134)
at org.testng.TestNG.runSuites(TestNG.java:1063)
at org.testng.TestNG.run(TestNG.java:1031)
at org.testng.remote.AbstractRemoteTestNG.run(AbstractRemoteTestNG.java:115)
at org.testng.remote.RemoteTestNG.initAndRun(RemoteTestNG.java:293)
at org.testng.remote.RemoteTestNG.main(RemoteTestNG.java:91)
]]>
            </full-stacktrace>
          </exception> <!-- java.lang.AssertionError -->
          <reporter-output>
          </reporter-output>
        </test-method> <!-- terminateBrowser -->
        <test-method is-config="true" signature="extendEnd()[pri:0, instance:com.runnerclass.MenJacketRunnerClass@298a5e20]" started-at="2025-02-25T11:54:23 CET" name="extendEnd" finished-at="1970-01-01T01:00:00 CET" duration-ms="-1740480863820" status="SKIP">
          <reporter-output>
          </reporter-output>
        </test-method> <!-- extendEnd -->
      </class> <!-- com.runnerclass.MenJacketRunnerClass -->
    </test> <!-- Default test -->
  </suite> <!-- Default suite -->
</testng-results>
